2011-11-15 12:32:29 Notice: Notice (8): Undefined index: description in [/Users/ale/Sites/CIST-rss/app/Lib/Rss.php, line 39]
Trace:
RSS::processItems() - APP/Lib/Rss.php, line 39
RSS::__construct() - APP/Lib/Rss.php, line 17
Feed::updateFeed() - APP/Model/Feed.php, line 129
Feed::updateAllFeeds() - APP/Model/Feed.php, line 164
FeedsController::admin_update() - APP/Controller/FeedsController.php, line 101
ReflectionMethod::invokeArgs() - [internal], line ??
Controller::invokeAction() - CORE/Cake/Controller/Controller.php, line 473
Dispatcher::_invoke() - CORE/Cake/Routing/Dispatcher.php, line 107
Dispatcher::dispatch() - CORE/Cake/Routing/Dispatcher.php, line 89
[main] - APP/webroot/index.php, line 96

2011-11-15 12:32:29 Notice: Notice (8): Undefined index: description in [/Users/ale/Sites/CIST-rss/app/Lib/Rss.php, line 39]
Trace:
RSS::processItems() - APP/Lib/Rss.php, line 39
RSS::__construct() - APP/Lib/Rss.php, line 17
Feed::updateFeed() - APP/Model/Feed.php, line 129
Feed::updateAllFeeds() - APP/Model/Feed.php, line 164
FeedsController::admin_update() - APP/Controller/FeedsController.php, line 101
ReflectionMethod::invokeArgs() - [internal], line ??
Controller::invokeAction() - CORE/Cake/Controller/Controller.php, line 473
Dispatcher::_invoke() - CORE/Cake/Routing/Dispatcher.php, line 107
Dispatcher::dispatch() - CORE/Cake/Routing/Dispatcher.php, line 89
[main] - APP/webroot/index.php, line 96

2011-11-15 12:32:29 Notice: Notice (8): Undefined index: description in [/Users/ale/Sites/CIST-rss/app/Lib/Rss.php, line 39]
Trace:
RSS::processItems() - APP/Lib/Rss.php, line 39
RSS::__construct() - APP/Lib/Rss.php, line 17
Feed::updateFeed() - APP/Model/Feed.php, line 129
Feed::updateAllFeeds() - APP/Model/Feed.php, line 164
FeedsController::admin_update() - APP/Controller/FeedsController.php, line 101
ReflectionMethod::invokeArgs() - [internal], line ??
Controller::invokeAction() - CORE/Cake/Controller/Controller.php, line 473
Dispatcher::_invoke() - CORE/Cake/Routing/Dispatcher.php, line 107
Dispatcher::dispatch() - CORE/Cake/Routing/Dispatcher.php, line 89
[main] - APP/webroot/index.php, line 96

2011-11-15 12:32:29 Notice: Notice (8): Undefined index: description in [/Users/ale/Sites/CIST-rss/app/Lib/Rss.php, line 39]
Trace:
RSS::processItems() - APP/Lib/Rss.php, line 39
RSS::__construct() - APP/Lib/Rss.php, line 17
Feed::updateFeed() - APP/Model/Feed.php, line 129
Feed::updateAllFeeds() - APP/Model/Feed.php, line 164
FeedsController::admin_update() - APP/Controller/FeedsController.php, line 101
ReflectionMethod::invokeArgs() - [internal], line ??
Controller::invokeAction() - CORE/Cake/Controller/Controller.php, line 473
Dispatcher::_invoke() - CORE/Cake/Routing/Dispatcher.php, line 107
Dispatcher::dispatch() - CORE/Cake/Routing/Dispatcher.php, line 89
[main] - APP/webroot/index.php, line 96

2011-11-15 12:32:29 Notice: Notice (8): Undefined index: description in [/Users/ale/Sites/CIST-rss/app/Lib/Rss.php, line 39]
Trace:
RSS::processItems() - APP/Lib/Rss.php, line 39
RSS::__construct() - APP/Lib/Rss.php, line 17
Feed::updateFeed() - APP/Model/Feed.php, line 129
Feed::updateAllFeeds() - APP/Model/Feed.php, line 164
FeedsController::admin_update() - APP/Controller/FeedsController.php, line 101
ReflectionMethod::invokeArgs() - [internal], line ??
Controller::invokeAction() - CORE/Cake/Controller/Controller.php, line 473
Dispatcher::_invoke() - CORE/Cake/Routing/Dispatcher.php, line 107
Dispatcher::dispatch() - CORE/Cake/Routing/Dispatcher.php, line 89
[main] - APP/webroot/index.php, line 96

2011-11-15 12:32:29 Notice: Notice (8): Undefined index: description in [/Users/ale/Sites/CIST-rss/app/Lib/Rss.php, line 39]
Trace:
RSS::processItems() - APP/Lib/Rss.php, line 39
RSS::__construct() - APP/Lib/Rss.php, line 17
Feed::updateFeed() - APP/Model/Feed.php, line 129
Feed::updateAllFeeds() - APP/Model/Feed.php, line 164
FeedsController::admin_update() - APP/Controller/FeedsController.php, line 101
ReflectionMethod::invokeArgs() - [internal], line ??
Controller::invokeAction() - CORE/Cake/Controller/Controller.php, line 473
Dispatcher::_invoke() - CORE/Cake/Routing/Dispatcher.php, line 107
Dispatcher::dispatch() - CORE/Cake/Routing/Dispatcher.php, line 89
[main] - APP/webroot/index.php, line 96

2011-11-15 12:32:29 Notice: Notice (8): Undefined index: description in [/Users/ale/Sites/CIST-rss/app/Lib/Rss.php, line 39]
Trace:
RSS::processItems() - APP/Lib/Rss.php, line 39
RSS::__construct() - APP/Lib/Rss.php, line 17
Feed::updateFeed() - APP/Model/Feed.php, line 129
Feed::updateAllFeeds() - APP/Model/Feed.php, line 164
FeedsController::admin_update() - APP/Controller/FeedsController.php, line 101
ReflectionMethod::invokeArgs() - [internal], line ??
Controller::invokeAction() - CORE/Cake/Controller/Controller.php, line 473
Dispatcher::_invoke() - CORE/Cake/Routing/Dispatcher.php, line 107
Dispatcher::dispatch() - CORE/Cake/Routing/Dispatcher.php, line 89
[main] - APP/webroot/index.php, line 96

2011-11-15 12:32:29 Notice: Notice (8): Undefined index: description in [/Users/ale/Sites/CIST-rss/app/Lib/Rss.php, line 39]
Trace:
RSS::processItems() - APP/Lib/Rss.php, line 39
RSS::__construct() - APP/Lib/Rss.php, line 17
Feed::updateFeed() - APP/Model/Feed.php, line 129
Feed::updateAllFeeds() - APP/Model/Feed.php, line 164
FeedsController::admin_update() - APP/Controller/FeedsController.php, line 101
ReflectionMethod::invokeArgs() - [internal], line ??
Controller::invokeAction() - CORE/Cake/Controller/Controller.php, line 473
Dispatcher::_invoke() - CORE/Cake/Routing/Dispatcher.php, line 107
Dispatcher::dispatch() - CORE/Cake/Routing/Dispatcher.php, line 89
[main] - APP/webroot/index.php, line 96

2011-11-15 12:35:10 Notice: Notice (8): Undefined index: description in [/Users/ale/Sites/CIST-rss/app/Lib/Rss.php, line 39]
Trace:
RSS::processItems() - APP/Lib/Rss.php, line 39
RSS::__construct() - APP/Lib/Rss.php, line 17
Feed::updateFeed() - APP/Model/Feed.php, line 129
Feed::updateAllFeeds() - APP/Model/Feed.php, line 164
FeedsController::admin_update() - APP/Controller/FeedsController.php, line 101
ReflectionMethod::invokeArgs() - [internal], line ??
Controller::invokeAction() - CORE/Cake/Controller/Controller.php, line 473
Dispatcher::_invoke() - CORE/Cake/Routing/Dispatcher.php, line 107
Dispatcher::dispatch() - CORE/Cake/Routing/Dispatcher.php, line 89
[main] - APP/webroot/index.php, line 96

2011-11-15 12:35:10 Notice: Notice (8): Undefined index: description in [/Users/ale/Sites/CIST-rss/app/Lib/Rss.php, line 39]
Trace:
RSS::processItems() - APP/Lib/Rss.php, line 39
RSS::__construct() - APP/Lib/Rss.php, line 17
Feed::updateFeed() - APP/Model/Feed.php, line 129
Feed::updateAllFeeds() - APP/Model/Feed.php, line 164
FeedsController::admin_update() - APP/Controller/FeedsController.php, line 101
ReflectionMethod::invokeArgs() - [internal], line ??
Controller::invokeAction() - CORE/Cake/Controller/Controller.php, line 473
Dispatcher::_invoke() - CORE/Cake/Routing/Dispatcher.php, line 107
Dispatcher::dispatch() - CORE/Cake/Routing/Dispatcher.php, line 89
[main] - APP/webroot/index.php, line 96

2011-11-15 12:35:10 Notice: Notice (8): Undefined index: description in [/Users/ale/Sites/CIST-rss/app/Lib/Rss.php, line 39]
Trace:
RSS::processItems() - APP/Lib/Rss.php, line 39
RSS::__construct() - APP/Lib/Rss.php, line 17
Feed::updateFeed() - APP/Model/Feed.php, line 129
Feed::updateAllFeeds() - APP/Model/Feed.php, line 164
FeedsController::admin_update() - APP/Controller/FeedsController.php, line 101
ReflectionMethod::invokeArgs() - [internal], line ??
Controller::invokeAction() - CORE/Cake/Controller/Controller.php, line 473
Dispatcher::_invoke() - CORE/Cake/Routing/Dispatcher.php, line 107
Dispatcher::dispatch() - CORE/Cake/Routing/Dispatcher.php, line 89
[main] - APP/webroot/index.php, line 96

2011-11-15 12:35:10 Notice: Notice (8): Undefined index: description in [/Users/ale/Sites/CIST-rss/app/Lib/Rss.php, line 39]
Trace:
RSS::processItems() - APP/Lib/Rss.php, line 39
RSS::__construct() - APP/Lib/Rss.php, line 17
Feed::updateFeed() - APP/Model/Feed.php, line 129
Feed::updateAllFeeds() - APP/Model/Feed.php, line 164
FeedsController::admin_update() - APP/Controller/FeedsController.php, line 101
ReflectionMethod::invokeArgs() - [internal], line ??
Controller::invokeAction() - CORE/Cake/Controller/Controller.php, line 473
Dispatcher::_invoke() - CORE/Cake/Routing/Dispatcher.php, line 107
Dispatcher::dispatch() - CORE/Cake/Routing/Dispatcher.php, line 89
[main] - APP/webroot/index.php, line 96

2011-11-15 12:35:10 Notice: Notice (8): Undefined index: description in [/Users/ale/Sites/CIST-rss/app/Lib/Rss.php, line 39]
Trace:
RSS::processItems() - APP/Lib/Rss.php, line 39
RSS::__construct() - APP/Lib/Rss.php, line 17
Feed::updateFeed() - APP/Model/Feed.php, line 129
Feed::updateAllFeeds() - APP/Model/Feed.php, line 164
FeedsController::admin_update() - APP/Controller/FeedsController.php, line 101
ReflectionMethod::invokeArgs() - [internal], line ??
Controller::invokeAction() - CORE/Cake/Controller/Controller.php, line 473
Dispatcher::_invoke() - CORE/Cake/Routing/Dispatcher.php, line 107
Dispatcher::dispatch() - CORE/Cake/Routing/Dispatcher.php, line 89
[main] - APP/webroot/index.php, line 96

2011-11-15 12:35:10 Notice: Notice (8): Undefined index: description in [/Users/ale/Sites/CIST-rss/app/Lib/Rss.php, line 39]
Trace:
RSS::processItems() - APP/Lib/Rss.php, line 39
RSS::__construct() - APP/Lib/Rss.php, line 17
Feed::updateFeed() - APP/Model/Feed.php, line 129
Feed::updateAllFeeds() - APP/Model/Feed.php, line 164
FeedsController::admin_update() - APP/Controller/FeedsController.php, line 101
ReflectionMethod::invokeArgs() - [internal], line ??
Controller::invokeAction() - CORE/Cake/Controller/Controller.php, line 473
Dispatcher::_invoke() - CORE/Cake/Routing/Dispatcher.php, line 107
Dispatcher::dispatch() - CORE/Cake/Routing/Dispatcher.php, line 89
[main] - APP/webroot/index.php, line 96

2011-11-15 12:35:10 Notice: Notice (8): Undefined index: description in [/Users/ale/Sites/CIST-rss/app/Lib/Rss.php, line 39]
Trace:
RSS::processItems() - APP/Lib/Rss.php, line 39
RSS::__construct() - APP/Lib/Rss.php, line 17
Feed::updateFeed() - APP/Model/Feed.php, line 129
Feed::updateAllFeeds() - APP/Model/Feed.php, line 164
FeedsController::admin_update() - APP/Controller/FeedsController.php, line 101
ReflectionMethod::invokeArgs() - [internal], line ??
Controller::invokeAction() - CORE/Cake/Controller/Controller.php, line 473
Dispatcher::_invoke() - CORE/Cake/Routing/Dispatcher.php, line 107
Dispatcher::dispatch() - CORE/Cake/Routing/Dispatcher.php, line 89
[main] - APP/webroot/index.php, line 96

2011-11-15 12:35:10 Notice: Notice (8): Undefined index: description in [/Users/ale/Sites/CIST-rss/app/Lib/Rss.php, line 39]
Trace:
RSS::processItems() - APP/Lib/Rss.php, line 39
RSS::__construct() - APP/Lib/Rss.php, line 17
Feed::updateFeed() - APP/Model/Feed.php, line 129
Feed::updateAllFeeds() - APP/Model/Feed.php, line 164
FeedsController::admin_update() - APP/Controller/FeedsController.php, line 101
ReflectionMethod::invokeArgs() - [internal], line ??
Controller::invokeAction() - CORE/Cake/Controller/Controller.php, line 473
Dispatcher::_invoke() - CORE/Cake/Routing/Dispatcher.php, line 107
Dispatcher::dispatch() - CORE/Cake/Routing/Dispatcher.php, line 89
[main] - APP/webroot/index.php, line 96

2011-11-15 12:37:00 Notice: Notice (8): Undefined index: description in [/Users/ale/Sites/CIST-rss/app/Lib/Rss.php, line 39]
Trace:
RSS::processItems() - APP/Lib/Rss.php, line 39
RSS::__construct() - APP/Lib/Rss.php, line 17
Feed::updateFeed() - APP/Model/Feed.php, line 129
Feed::updateAllFeeds() - APP/Model/Feed.php, line 164
FeedsController::admin_update() - APP/Controller/FeedsController.php, line 101
ReflectionMethod::invokeArgs() - [internal], line ??
Controller::invokeAction() - CORE/Cake/Controller/Controller.php, line 473
Dispatcher::_invoke() - CORE/Cake/Routing/Dispatcher.php, line 107
Dispatcher::dispatch() - CORE/Cake/Routing/Dispatcher.php, line 89
[main] - APP/webroot/index.php, line 96

2011-11-15 12:37:00 Notice: Notice (8): Undefined index: description in [/Users/ale/Sites/CIST-rss/app/Lib/Rss.php, line 39]
Trace:
RSS::processItems() - APP/Lib/Rss.php, line 39
RSS::__construct() - APP/Lib/Rss.php, line 17
Feed::updateFeed() - APP/Model/Feed.php, line 129
Feed::updateAllFeeds() - APP/Model/Feed.php, line 164
FeedsController::admin_update() - APP/Controller/FeedsController.php, line 101
ReflectionMethod::invokeArgs() - [internal], line ??
Controller::invokeAction() - CORE/Cake/Controller/Controller.php, line 473
Dispatcher::_invoke() - CORE/Cake/Routing/Dispatcher.php, line 107
Dispatcher::dispatch() - CORE/Cake/Routing/Dispatcher.php, line 89
[main] - APP/webroot/index.php, line 96

2011-11-15 12:37:00 Notice: Notice (8): Undefined index: description in [/Users/ale/Sites/CIST-rss/app/Lib/Rss.php, line 39]
Trace:
RSS::processItems() - APP/Lib/Rss.php, line 39
RSS::__construct() - APP/Lib/Rss.php, line 17
Feed::updateFeed() - APP/Model/Feed.php, line 129
Feed::updateAllFeeds() - APP/Model/Feed.php, line 164
FeedsController::admin_update() - APP/Controller/FeedsController.php, line 101
ReflectionMethod::invokeArgs() - [internal], line ??
Controller::invokeAction() - CORE/Cake/Controller/Controller.php, line 473
Dispatcher::_invoke() - CORE/Cake/Routing/Dispatcher.php, line 107
Dispatcher::dispatch() - CORE/Cake/Routing/Dispatcher.php, line 89
[main] - APP/webroot/index.php, line 96

2011-11-15 12:37:00 Notice: Notice (8): Undefined index: description in [/Users/ale/Sites/CIST-rss/app/Lib/Rss.php, line 39]
Trace:
RSS::processItems() - APP/Lib/Rss.php, line 39
RSS::__construct() - APP/Lib/Rss.php, line 17
Feed::updateFeed() - APP/Model/Feed.php, line 129
Feed::updateAllFeeds() - APP/Model/Feed.php, line 164
FeedsController::admin_update() - APP/Controller/FeedsController.php, line 101
ReflectionMethod::invokeArgs() - [internal], line ??
Controller::invokeAction() - CORE/Cake/Controller/Controller.php, line 473
Dispatcher::_invoke() - CORE/Cake/Routing/Dispatcher.php, line 107
Dispatcher::dispatch() - CORE/Cake/Routing/Dispatcher.php, line 89
[main] - APP/webroot/index.php, line 96

2011-11-15 12:37:00 Notice: Notice (8): Undefined index: description in [/Users/ale/Sites/CIST-rss/app/Lib/Rss.php, line 39]
Trace:
RSS::processItems() - APP/Lib/Rss.php, line 39
RSS::__construct() - APP/Lib/Rss.php, line 17
Feed::updateFeed() - APP/Model/Feed.php, line 129
Feed::updateAllFeeds() - APP/Model/Feed.php, line 164
FeedsController::admin_update() - APP/Controller/FeedsController.php, line 101
ReflectionMethod::invokeArgs() - [internal], line ??
Controller::invokeAction() - CORE/Cake/Controller/Controller.php, line 473
Dispatcher::_invoke() - CORE/Cake/Routing/Dispatcher.php, line 107
Dispatcher::dispatch() - CORE/Cake/Routing/Dispatcher.php, line 89
[main] - APP/webroot/index.php, line 96

2011-11-15 12:37:00 Notice: Notice (8): Undefined index: description in [/Users/ale/Sites/CIST-rss/app/Lib/Rss.php, line 39]
Trace:
RSS::processItems() - APP/Lib/Rss.php, line 39
RSS::__construct() - APP/Lib/Rss.php, line 17
Feed::updateFeed() - APP/Model/Feed.php, line 129
Feed::updateAllFeeds() - APP/Model/Feed.php, line 164
FeedsController::admin_update() - APP/Controller/FeedsController.php, line 101
ReflectionMethod::invokeArgs() - [internal], line ??
Controller::invokeAction() - CORE/Cake/Controller/Controller.php, line 473
Dispatcher::_invoke() - CORE/Cake/Routing/Dispatcher.php, line 107
Dispatcher::dispatch() - CORE/Cake/Routing/Dispatcher.php, line 89
[main] - APP/webroot/index.php, line 96

2011-11-15 12:37:00 Notice: Notice (8): Undefined index: description in [/Users/ale/Sites/CIST-rss/app/Lib/Rss.php, line 39]
Trace:
RSS::processItems() - APP/Lib/Rss.php, line 39
RSS::__construct() - APP/Lib/Rss.php, line 17
Feed::updateFeed() - APP/Model/Feed.php, line 129
Feed::updateAllFeeds() - APP/Model/Feed.php, line 164
FeedsController::admin_update() - APP/Controller/FeedsController.php, line 101
ReflectionMethod::invokeArgs() - [internal], line ??
Controller::invokeAction() - CORE/Cake/Controller/Controller.php, line 473
Dispatcher::_invoke() - CORE/Cake/Routing/Dispatcher.php, line 107
Dispatcher::dispatch() - CORE/Cake/Routing/Dispatcher.php, line 89
[main] - APP/webroot/index.php, line 96

2011-11-15 12:37:00 Notice: Notice (8): Undefined index: description in [/Users/ale/Sites/CIST-rss/app/Lib/Rss.php, line 39]
Trace:
RSS::processItems() - APP/Lib/Rss.php, line 39
RSS::__construct() - APP/Lib/Rss.php, line 17
Feed::updateFeed() - APP/Model/Feed.php, line 129
Feed::updateAllFeeds() - APP/Model/Feed.php, line 164
FeedsController::admin_update() - APP/Controller/FeedsController.php, line 101
ReflectionMethod::invokeArgs() - [internal], line ??
Controller::invokeAction() - CORE/Cake/Controller/Controller.php, line 473
Dispatcher::_invoke() - CORE/Cake/Routing/Dispatcher.php, line 107
Dispatcher::dispatch() - CORE/Cake/Routing/Dispatcher.php, line 89
[main] - APP/webroot/index.php, line 96

