Aug 03, 2015 1:14:01 PM org.apache.catalina.core.StandardServer await
INFO: A valid shutdown command was received via the shutdown port. Stopping the Server instance.
Aug 03, 2015 1:14:01 PM org.apache.coyote.AbstractProtocol pause
INFO: Pausing ProtocolHandler ["http-bio-12780"]
Aug 03, 2015 1:14:01 PM org.apache.coyote.AbstractProtocol pause
INFO: Pausing ProtocolHandler ["ajp-bio-12709"]
Aug 03, 2015 1:14:01 PM org.apache.catalina.core.StandardService stopInternal
INFO: Stopping service Catalina
Aug 03, 2015 1:14:02 PM org.apache.catalina.loader.WebappClassLoader clearReferencesThreads
SEVERE: The web application [/RSSAgregate] appears to have started a thread named [pool-11-thread-1] but has failed to stop it. This is very likely to create a memory leak.
Aug 03, 2015 1:14:02 PM org.apache.catalina.loader.WebappClassLoader clearReferencesThreads
SEVERE: The web application [/RSSAgregate] appears to have started a thread named [pool-78780-thread-1] but has failed to stop it. This is very likely to create a memory leak.
Aug 03, 2015 1:14:03 PM org.apache.coyote.AbstractProtocol stop
INFO: Stopping ProtocolHandler ["http-bio-12780"]
Aug 03, 2015 1:14:03 PM org.apache.coyote.AbstractProtocol stop
INFO: Stopping ProtocolHandler ["ajp-bio-12709"]
Aug 03, 2015 1:14:03 PM org.apache.coyote.AbstractProtocol destroy
INFO: Destroying ProtocolHandler ["http-bio-12780"]
Aug 03, 2015 1:14:03 PM org.apache.coyote.AbstractProtocol destroy
INFO: Destroying ProtocolHandler ["ajp-bio-12709"]
Aug 03, 2015 1:21:56 PM org.apache.catalina.core.AprLifecycleListener init
INFO: The APR based Apache Tomcat Native library which allows optimal performance in production environments was not found on the java.library.path: /usr/java/packages/lib/amd64:/usr/lib64:/lib64:/lib:/usr/lib
Aug 03, 2015 1:21:56 PM org.apache.coyote.AbstractProtocol init
INFO: Initializing ProtocolHandler ["http-bio-12780"]
Aug 03, 2015 1:21:56 PM org.apache.coyote.AbstractProtocol init
INFO: Initializing ProtocolHandler ["ajp-bio-12709"]
Aug 03, 2015 1:21:56 PM org.apache.catalina.startup.Catalina load
INFO: Initialization processed in 1791 ms
Aug 03, 2015 1:21:56 PM org.apache.catalina.core.StandardService startInternal
INFO: Starting service Catalina
Aug 03, 2015 1:21:56 PM org.apache.catalina.core.StandardEngine startInternal
INFO: Starting Servlet Engine: Apache Tomcat/7.0.42
Aug 03, 2015 1:21:57 PM org.apache.catalina.startup.HostConfig deployWAR
INFO: Deploying web application archive /sites/geomedia/adonis/apache-tomcat-7.0.42/webapps/HelloWorldDeployTest.war
Aug 03, 2015 1:30:56 PM org.apache.catalina.util.SessionIdGenerator createSecureRandom
INFO: Creation of SecureRandom instance for session ID generation using [SHA1PRNG] took [537,989] milliseconds.
Aug 03, 2015 1:30:56 PM org.apache.catalina.startup.HostConfig deployWAR
INFO: Deploying web application archive /sites/geomedia/adonis/apache-tomcat-7.0.42/webapps/RSSAgregate.war
Aug 03, 2015 1:31:15 PM org.apache.catalina.startup.HostConfig deployWAR
INFO: Deploying web application archive /sites/geomedia/adonis/apache-tomcat-7.0.42/webapps/geotest.war
Aug 03, 2015 1:31:16 PM org.apache.catalina.startup.HostConfig deployWAR
INFO: Deploying web application archive /sites/geomedia/adonis/apache-tomcat-7.0.42/webapps/hellotest.war
Aug 03, 2015 1:31:16 PM org.apache.catalina.startup.HostConfig deployDirectory
INFO: Deploying web application directory /sites/geomedia/adonis/apache-tomcat-7.0.42/webapps/ROOT
Aug 03, 2015 1:31:17 PM org.apache.catalina.startup.HostConfig deployDirectory
INFO: Deploying web application directory /sites/geomedia/adonis/apache-tomcat-7.0.42/webapps/docs
Aug 03, 2015 1:31:17 PM org.apache.catalina.startup.HostConfig deployDirectory
INFO: Deploying web application directory /sites/geomedia/adonis/apache-tomcat-7.0.42/webapps/examples
Aug 03, 2015 1:31:17 PM org.apache.catalina.startup.HostConfig deployDirectory
INFO: Deploying web application directory /sites/geomedia/adonis/apache-tomcat-7.0.42/webapps/host-manager
Aug 03, 2015 1:31:17 PM org.apache.catalina.startup.HostConfig deployDirectory
INFO: Deploying web application directory /sites/geomedia/adonis/apache-tomcat-7.0.42/webapps/manager
Aug 03, 2015 1:31:17 PM org.apache.catalina.startup.HostConfig deployDirectory
INFO: Deploying web application directory /sites/geomedia/adonis/apache-tomcat-7.0.42/webapps/restarter
Aug 03, 2015 1:31:17 PM org.apache.coyote.AbstractProtocol start
INFO: Starting ProtocolHandler ["http-bio-12780"]
Aug 03, 2015 1:31:17 PM org.apache.coyote.AbstractProtocol start
INFO: Starting ProtocolHandler ["ajp-bio-12709"]
Aug 03, 2015 1:31:17 PM org.apache.catalina.startup.Catalina start
INFO: Server startup in 560695 ms
