Feb 28, 2015 12:00:21 AM rssagregator.servlet.ItemSrvl processRequest
SEVERE: null
javax.persistence.PersistenceException: Exception [EclipseLink-4002] (Eclipse Persistence Services - 2.5.0.v20130507-3faac2b): org.eclipse.persistence.exceptions.DatabaseException
Internal Exception: org.postgresql.util.PSQLException: ERROR: syntax error at or near ")"
  Position: 215
Error Code: 0
Call: SELECT DISTINCT t1.ID, t1.categorie, t1.contenu, t1.datePub, t1.dateRecup, t1.description, t1.guid, t1.hashContenu, t1.imported, t1.link, t1.MODIFIED, t1.titre FROM flux t0, item_flux t2, item t1 WHERE ((t0.ID IN ()) AND ((t2.item_ID = t1.ID) AND (t0.ID = t2.listFlux_ID)))
Query: ReadAllQuery(referenceClass=Item sql="SELECT DISTINCT t1.ID, t1.categorie, t1.contenu, t1.datePub, t1.dateRecup, t1.description, t1.guid, t1.hashContenu, t1.imported, t1.link, t1.MODIFIED, t1.titre FROM flux t0, item_flux t2, item t1 WHERE ((t0.ID IN ()) AND ((t2.item_ID = t1.ID) AND (t0.ID = t2.listFlux_ID)))")
	at org.eclipse.persistence.internal.jpa.QueryImpl.getDetailedException(QueryImpl.java:377)
	at org.eclipse.persistence.internal.jpa.QueryImpl.executeReadQuery(QueryImpl.java:260)
	at org.eclipse.persistence.internal.jpa.QueryImpl.getResultList(QueryImpl.java:468)
	at rssagregator.dao.AbstrDao.findCriteria(AbstrDao.java:255)
	at rssagregator.servlet.ItemSrvl.processRequest(ItemSrvl.java:371)
	at rssagregator.servlet.ItemSrvl.doPost(ItemSrvl.java:502)
	at javax.servlet.http.HttpServlet.service(HttpServlet.java:646)
	at javax.servlet.http.HttpServlet.service(HttpServlet.java:727)
	at org.apache.catalina.core.ApplicationFilterChain.internalDoFilter(ApplicationFilterChain.java:303)
	at org.apache.catalina.core.ApplicationFilterChain.doFilter(ApplicationFilterChain.java:208)
	at org.apache.tomcat.websocket.server.WsFilter.doFilter(WsFilter.java:52)
	at org.apache.catalina.core.ApplicationFilterChain.internalDoFilter(ApplicationFilterChain.java:241)
	at org.apache.catalina.core.ApplicationFilterChain.doFilter(ApplicationFilterChain.java:208)
	at rssagregator.servlet.FilterIdent.doFilter(FilterIdent.java:65)
	at org.apache.catalina.core.ApplicationFilterChain.internalDoFilter(ApplicationFilterChain.java:241)
	at org.apache.catalina.core.ApplicationFilterChain.doFilter(ApplicationFilterChain.java:208)
	at org.apache.catalina.core.StandardWrapperValve.invoke(StandardWrapperValve.java:220)
	at org.apache.catalina.core.StandardContextValve.invoke(StandardContextValve.java:122)
	at org.apache.catalina.authenticator.AuthenticatorBase.invoke(AuthenticatorBase.java:504)
	at org.apache.catalina.core.StandardHostValve.invoke(StandardHostValve.java:170)
	at org.apache.catalina.valves.ErrorReportValve.invoke(ErrorReportValve.java:103)
	at org.apache.catalina.valves.AccessLogValve.invoke(AccessLogValve.java:950)
	at org.apache.catalina.core.StandardEngineValve.invoke(StandardEngineValve.java:116)
	at org.apache.catalina.connector.CoyoteAdapter.service(CoyoteAdapter.java:421)
	at org.apache.coyote.ajp.AjpProcessor.process(AjpProcessor.java:190)
	at org.apache.coyote.AbstractProtocol$AbstractConnectionHandler.process(AbstractProtocol.java:611)
	at org.apache.tomcat.util.net.JIoEndpoint$SocketProcessor.run(JIoEndpoint.java:314)
	at java.util.concurrent.ThreadPoolExecutor.runWorker(ThreadPoolExecutor.java:1145)
	at java.util.concurrent.ThreadPoolExecutor$Worker.run(ThreadPoolExecutor.java:615)
	at org.apache.tomcat.util.threads.TaskThread$WrappingRunnable.run(TaskThread.java:61)
	at java.lang.Thread.run(Thread.java:745)
Caused by: Exception [EclipseLink-4002] (Eclipse Persistence Services - 2.5.0.v20130507-3faac2b): org.eclipse.persistence.exceptions.DatabaseException
Internal Exception: org.postgresql.util.PSQLException: ERROR: syntax error at or near ")"
  Position: 215
Error Code: 0
Call: SELECT DISTINCT t1.ID, t1.categorie, t1.contenu, t1.datePub, t1.dateRecup, t1.description, t1.guid, t1.hashContenu, t1.imported, t1.link, t1.MODIFIED, t1.titre FROM flux t0, item_flux t2, item t1 WHERE ((t0.ID IN ()) AND ((t2.item_ID = t1.ID) AND (t0.ID = t2.listFlux_ID)))
Query: ReadAllQuery(referenceClass=Item sql="SELECT DISTINCT t1.ID, t1.categorie, t1.contenu, t1.datePub, t1.dateRecup, t1.description, t1.guid, t1.hashContenu, t1.imported, t1.link, t1.MODIFIED, t1.titre FROM flux t0, item_flux t2, item t1 WHERE ((t0.ID IN ()) AND ((t2.item_ID = t1.ID) AND (t0.ID = t2.listFlux_ID)))")
	at org.eclipse.persistence.exceptions.DatabaseException.sqlException(DatabaseException.java:340)
	at org.eclipse.persistence.internal.databaseaccess.DatabaseAccessor.basicExecuteCall(DatabaseAccessor.java:679)
	at org.eclipse.persistence.internal.databaseaccess.DatabaseAccessor.executeCall(DatabaseAccessor.java:558)
	at org.eclipse.persistence.internal.sessions.AbstractSession.basicExecuteCall(AbstractSession.java:1995)
	at org.eclipse.persistence.sessions.server.ServerSession.executeCall(ServerSession.java:570)
	at org.eclipse.persistence.sessions.server.ClientSession.executeCall(ClientSession.java:248)
	at org.eclipse.persistence.internal.queries.DatasourceCallQueryMechanism.executeCall(DatasourceCallQueryMechanism.java:242)
	at org.eclipse.persistence.internal.queries.DatasourceCallQueryMechanism.executeCall(DatasourceCallQueryMechanism.java:228)
	at org.eclipse.persistence.internal.queries.DatasourceCallQueryMechanism.executeSelectCall(DatasourceCallQueryMechanism.java:299)
	at org.eclipse.persistence.internal.queries.DatasourceCallQueryMechanism.selectAllRows(DatasourceCallQueryMechanism.java:694)
	at org.eclipse.persistence.internal.queries.ExpressionQueryMechanism.selectAllRowsFromTable(ExpressionQueryMechanism.java:2714)
	at org.eclipse.persistence.internal.queries.ExpressionQueryMechanism.selectAllRows(ExpressionQueryMechanism.java:2667)
	at org.eclipse.persistence.queries.ReadAllQuery.executeObjectLevelReadQuery(ReadAllQuery.java:477)
	at org.eclipse.persistence.queries.ObjectLevelReadQuery.executeDatabaseQuery(ObjectLevelReadQuery.java:1155)
	at org.eclipse.persistence.queries.DatabaseQuery.execute(DatabaseQuery.java:899)
	at org.eclipse.persistence.queries.ObjectLevelReadQuery.execute(ObjectLevelReadQuery.java:1114)
	at org.eclipse.persistence.queries.ReadAllQuery.execute(ReadAllQuery.java:402)
	at org.eclipse.persistence.queries.ObjectLevelReadQuery.executeInUnitOfWork(ObjectLevelReadQuery.java:1202)
	at org.eclipse.persistence.internal.sessions.UnitOfWorkImpl.internalExecuteQuery(UnitOfWorkImpl.java:2894)
	at org.eclipse.persistence.internal.sessions.AbstractSession.executeQuery(AbstractSession.java:1797)
	at org.eclipse.persistence.internal.sessions.AbstractSession.executeQuery(AbstractSession.java:1779)
	at org.eclipse.persistence.internal.sessions.AbstractSession.executeQuery(AbstractSession.java:1744)
	at org.eclipse.persistence.internal.jpa.QueryImpl.executeReadQuery(QueryImpl.java:258)
	... 29 more
Caused by: org.postgresql.util.PSQLException: ERROR: syntax error at or near ")"
  Position: 215
	at org.postgresql.core.v3.QueryExecutorImpl.receiveErrorResponse(QueryExecutorImpl.java:2101)
	at org.postgresql.core.v3.QueryExecutorImpl.processResults(QueryExecutorImpl.java:1834)
	at org.postgresql.core.v3.QueryExecutorImpl.execute(QueryExecutorImpl.java:255)
	at org.postgresql.jdbc2.AbstractJdbc2Statement.execute(AbstractJdbc2Statement.java:510)
	at org.postgresql.jdbc2.AbstractJdbc2Statement.executeWithFlags(AbstractJdbc2Statement.java:386)
	at org.postgresql.jdbc2.AbstractJdbc2Statement.executeQuery(AbstractJdbc2Statement.java:271)
	at org.eclipse.persistence.internal.databaseaccess.DatabaseAccessor.executeSelect(DatabaseAccessor.java:1002)
	at org.eclipse.persistence.internal.databaseaccess.DatabaseAccessor.basicExecuteCall(DatabaseAccessor.java:641)
	... 50 more

Feb 28, 2015 12:00:21 AM rssagregator.servlet.ItemSrvl processRequest
SEVERE: null
javax.persistence.PersistenceException: Exception [EclipseLink-4002] (Eclipse Persistence Services - 2.5.0.v20130507-3faac2b): org.eclipse.persistence.exceptions.DatabaseException
Internal Exception: org.postgresql.util.PSQLException: ERROR: syntax error at or near ")"
  Position: 215
Error Code: 0
Call: SELECT DISTINCT t1.ID, t1.categorie, t1.contenu, t1.datePub, t1.dateRecup, t1.description, t1.guid, t1.hashContenu, t1.imported, t1.link, t1.MODIFIED, t1.titre FROM flux t0, item_flux t2, item t1 WHERE ((t0.ID IN ()) AND ((t2.item_ID = t1.ID) AND (t0.ID = t2.listFlux_ID)))
Query: ReadAllQuery(referenceClass=Item sql="SELECT DISTINCT t1.ID, t1.categorie, t1.contenu, t1.datePub, t1.dateRecup, t1.description, t1.guid, t1.hashContenu, t1.imported, t1.link, t1.MODIFIED, t1.titre FROM flux t0, item_flux t2, item t1 WHERE ((t0.ID IN ()) AND ((t2.item_ID = t1.ID) AND (t0.ID = t2.listFlux_ID)))")
	at org.eclipse.persistence.internal.jpa.QueryImpl.getDetailedException(QueryImpl.java:377)
	at org.eclipse.persistence.internal.jpa.QueryImpl.executeReadQuery(QueryImpl.java:260)
	at org.eclipse.persistence.internal.jpa.QueryImpl.getResultList(QueryImpl.java:468)
	at rssagregator.dao.AbstrDao.findCriteria(AbstrDao.java:255)
	at rssagregator.servlet.ItemSrvl.processRequest(ItemSrvl.java:371)
	at rssagregator.servlet.ItemSrvl.doPost(ItemSrvl.java:502)
	at javax.servlet.http.HttpServlet.service(HttpServlet.java:646)
	at javax.servlet.http.HttpServlet.service(HttpServlet.java:727)
	at org.apache.catalina.core.ApplicationFilterChain.internalDoFilter(ApplicationFilterChain.java:303)
	at org.apache.catalina.core.ApplicationFilterChain.doFilter(ApplicationFilterChain.java:208)
	at org.apache.tomcat.websocket.server.WsFilter.doFilter(WsFilter.java:52)
	at org.apache.catalina.core.ApplicationFilterChain.internalDoFilter(ApplicationFilterChain.java:241)
	at org.apache.catalina.core.ApplicationFilterChain.doFilter(ApplicationFilterChain.java:208)
	at rssagregator.servlet.FilterIdent.doFilter(FilterIdent.java:65)
	at org.apache.catalina.core.ApplicationFilterChain.internalDoFilter(ApplicationFilterChain.java:241)
	at org.apache.catalina.core.ApplicationFilterChain.doFilter(ApplicationFilterChain.java:208)
	at org.apache.catalina.core.StandardWrapperValve.invoke(StandardWrapperValve.java:220)
	at org.apache.catalina.core.StandardContextValve.invoke(StandardContextValve.java:122)
	at org.apache.catalina.authenticator.AuthenticatorBase.invoke(AuthenticatorBase.java:504)
	at org.apache.catalina.core.StandardHostValve.invoke(StandardHostValve.java:170)
	at org.apache.catalina.valves.ErrorReportValve.invoke(ErrorReportValve.java:103)
	at org.apache.catalina.valves.AccessLogValve.invoke(AccessLogValve.java:950)
	at org.apache.catalina.core.StandardEngineValve.invoke(StandardEngineValve.java:116)
	at org.apache.catalina.connector.CoyoteAdapter.service(CoyoteAdapter.java:421)
	at org.apache.coyote.ajp.AjpProcessor.process(AjpProcessor.java:190)
	at org.apache.coyote.AbstractProtocol$AbstractConnectionHandler.process(AbstractProtocol.java:611)
	at org.apache.tomcat.util.net.JIoEndpoint$SocketProcessor.run(JIoEndpoint.java:314)
	at java.util.concurrent.ThreadPoolExecutor.runWorker(ThreadPoolExecutor.java:1145)
	at java.util.concurrent.ThreadPoolExecutor$Worker.run(ThreadPoolExecutor.java:615)
	at org.apache.tomcat.util.threads.TaskThread$WrappingRunnable.run(TaskThread.java:61)
	at java.lang.Thread.run(Thread.java:745)
Caused by: Exception [EclipseLink-4002] (Eclipse Persistence Services - 2.5.0.v20130507-3faac2b): org.eclipse.persistence.exceptions.DatabaseException
Internal Exception: org.postgresql.util.PSQLException: ERROR: syntax error at or near ")"
  Position: 215
Error Code: 0
Call: SELECT DISTINCT t1.ID, t1.categorie, t1.contenu, t1.datePub, t1.dateRecup, t1.description, t1.guid, t1.hashContenu, t1.imported, t1.link, t1.MODIFIED, t1.titre FROM flux t0, item_flux t2, item t1 WHERE ((t0.ID IN ()) AND ((t2.item_ID = t1.ID) AND (t0.ID = t2.listFlux_ID)))
Query: ReadAllQuery(referenceClass=Item sql="SELECT DISTINCT t1.ID, t1.categorie, t1.contenu, t1.datePub, t1.dateRecup, t1.description, t1.guid, t1.hashContenu, t1.imported, t1.link, t1.MODIFIED, t1.titre FROM flux t0, item_flux t2, item t1 WHERE ((t0.ID IN ()) AND ((t2.item_ID = t1.ID) AND (t0.ID = t2.listFlux_ID)))")
	at org.eclipse.persistence.exceptions.DatabaseException.sqlException(DatabaseException.java:340)
	at org.eclipse.persistence.internal.databaseaccess.DatabaseAccessor.basicExecuteCall(DatabaseAccessor.java:679)
	at org.eclipse.persistence.internal.databaseaccess.DatabaseAccessor.executeCall(DatabaseAccessor.java:558)
	at org.eclipse.persistence.internal.sessions.AbstractSession.basicExecuteCall(AbstractSession.java:1995)
	at org.eclipse.persistence.sessions.server.ServerSession.executeCall(ServerSession.java:570)
	at org.eclipse.persistence.sessions.server.ClientSession.executeCall(ClientSession.java:248)
	at org.eclipse.persistence.internal.queries.DatasourceCallQueryMechanism.executeCall(DatasourceCallQueryMechanism.java:242)
	at org.eclipse.persistence.internal.queries.DatasourceCallQueryMechanism.executeCall(DatasourceCallQueryMechanism.java:228)
	at org.eclipse.persistence.internal.queries.DatasourceCallQueryMechanism.executeSelectCall(DatasourceCallQueryMechanism.java:299)
	at org.eclipse.persistence.internal.queries.DatasourceCallQueryMechanism.selectAllRows(DatasourceCallQueryMechanism.java:694)
	at org.eclipse.persistence.internal.queries.ExpressionQueryMechanism.selectAllRowsFromTable(ExpressionQueryMechanism.java:2714)
	at org.eclipse.persistence.internal.queries.ExpressionQueryMechanism.selectAllRows(ExpressionQueryMechanism.java:2667)
	at org.eclipse.persistence.queries.ReadAllQuery.executeObjectLevelReadQuery(ReadAllQuery.java:477)
	at org.eclipse.persistence.queries.ObjectLevelReadQuery.executeDatabaseQuery(ObjectLevelReadQuery.java:1155)
	at org.eclipse.persistence.queries.DatabaseQuery.execute(DatabaseQuery.java:899)
	at org.eclipse.persistence.queries.ObjectLevelReadQuery.execute(ObjectLevelReadQuery.java:1114)
	at org.eclipse.persistence.queries.ReadAllQuery.execute(ReadAllQuery.java:402)
	at org.eclipse.persistence.queries.ObjectLevelReadQuery.executeInUnitOfWork(ObjectLevelReadQuery.java:1202)
	at org.eclipse.persistence.internal.sessions.UnitOfWorkImpl.internalExecuteQuery(UnitOfWorkImpl.java:2894)
	at org.eclipse.persistence.internal.sessions.AbstractSession.executeQuery(AbstractSession.java:1797)
	at org.eclipse.persistence.internal.sessions.AbstractSession.executeQuery(AbstractSession.java:1779)
	at org.eclipse.persistence.internal.sessions.AbstractSession.executeQuery(AbstractSession.java:1744)
	at org.eclipse.persistence.internal.jpa.QueryImpl.executeReadQuery(QueryImpl.java:258)
	... 29 more
Caused by: org.postgresql.util.PSQLException: ERROR: syntax error at or near ")"
  Position: 215
	at org.postgresql.core.v3.QueryExecutorImpl.receiveErrorResponse(QueryExecutorImpl.java:2101)
	at org.postgresql.core.v3.QueryExecutorImpl.processResults(QueryExecutorImpl.java:1834)
	at org.postgresql.core.v3.QueryExecutorImpl.execute(QueryExecutorImpl.java:255)
	at org.postgresql.jdbc2.AbstractJdbc2Statement.execute(AbstractJdbc2Statement.java:510)
	at org.postgresql.jdbc2.AbstractJdbc2Statement.executeWithFlags(AbstractJdbc2Statement.java:386)
	at org.postgresql.jdbc2.AbstractJdbc2Statement.executeQuery(AbstractJdbc2Statement.java:271)
	at org.eclipse.persistence.internal.databaseaccess.DatabaseAccessor.executeSelect(DatabaseAccessor.java:1002)
	at org.eclipse.persistence.internal.databaseaccess.DatabaseAccessor.basicExecuteCall(DatabaseAccessor.java:641)
	... 50 more

Feb 28, 2015 12:02:11 AM org.apache.catalina.core.StandardServer await
INFO: A valid shutdown command was received via the shutdown port. Stopping the Server instance.
Feb 28, 2015 12:02:11 AM org.apache.coyote.AbstractProtocol pause
INFO: Pausing ProtocolHandler ["http-bio-12780"]
Feb 28, 2015 12:02:12 AM org.apache.coyote.AbstractProtocol pause
INFO: Pausing ProtocolHandler ["ajp-bio-12709"]
Feb 28, 2015 12:02:12 AM org.apache.catalina.core.StandardService stopInternal
INFO: Stopping service Catalina
Feb 28, 2015 12:02:12 AM org.apache.catalina.core.StandardWrapper unload
INFO: Waiting for 2 instance(s) to be deallocated for Servlet [Item]
Feb 28, 2015 12:02:13 AM org.apache.catalina.core.StandardWrapper unload
INFO: Waiting for 2 instance(s) to be deallocated for Servlet [Item]
Feb 28, 2015 12:02:14 AM org.apache.catalina.core.StandardWrapper unload
INFO: Waiting for 2 instance(s) to be deallocated for Servlet [Item]
Feb 28, 2015 12:02:14 AM org.apache.catalina.loader.WebappClassLoader clearReferencesThreads
SEVERE: The web application [/RSSAgregate] is still processing a request that has yet to finish. This is very likely to create a memory leak. You can control the time allowed for requests to finish by using the unloadDelay attribute of the standard Context implementation.
Feb 28, 2015 12:02:14 AM org.apache.catalina.loader.WebappClassLoader clearReferencesThreads
SEVERE: The web application [/RSSAgregate] is still processing a request that has yet to finish. This is very likely to create a memory leak. You can control the time allowed for requests to finish by using the unloadDelay attribute of the standard Context implementation.
Feb 28, 2015 12:02:15 AM org.apache.coyote.AbstractProtocol stop
INFO: Stopping ProtocolHandler ["http-bio-12780"]
Feb 28, 2015 12:02:15 AM org.apache.coyote.AbstractProtocol stop
INFO: Stopping ProtocolHandler ["ajp-bio-12709"]
Feb 28, 2015 12:02:15 AM org.apache.coyote.AbstractProtocol destroy
INFO: Destroying ProtocolHandler ["http-bio-12780"]
Feb 28, 2015 12:02:15 AM org.apache.coyote.AbstractProtocol destroy
INFO: Destroying ProtocolHandler ["ajp-bio-12709"]
Feb 28, 2015 12:03:28 AM org.apache.catalina.core.AprLifecycleListener init
INFO: The APR based Apache Tomcat Native library which allows optimal performance in production environments was not found on the java.library.path: /usr/java/packages/lib/amd64:/usr/lib64:/lib64:/lib:/usr/lib
Feb 28, 2015 12:03:29 AM org.apache.coyote.AbstractProtocol init
INFO: Initializing ProtocolHandler ["http-bio-12780"]
Feb 28, 2015 12:03:29 AM org.apache.coyote.AbstractProtocol init
INFO: Initializing ProtocolHandler ["ajp-bio-12709"]
Feb 28, 2015 12:03:29 AM org.apache.catalina.startup.Catalina load
INFO: Initialization processed in 1860 ms
Feb 28, 2015 12:03:29 AM org.apache.catalina.core.StandardService startInternal
INFO: Starting service Catalina
Feb 28, 2015 12:03:29 AM org.apache.catalina.core.StandardEngine startInternal
INFO: Starting Servlet Engine: Apache Tomcat/7.0.42
Feb 28, 2015 12:03:29 AM org.apache.catalina.startup.HostConfig deployWAR
INFO: Deploying web application archive /sites/geomedia/adonis/apache-tomcat-7.0.42/webapps/HelloWorldDeployTest.war
Feb 28, 2015 12:03:31 AM org.apache.catalina.startup.HostConfig deployWAR
INFO: Deploying web application archive /sites/geomedia/adonis/apache-tomcat-7.0.42/webapps/RSSAgregate.war
Feb 28, 2015 12:03:35 AM org.apache.catalina.core.AprLifecycleListener init
INFO: The APR based Apache Tomcat Native library which allows optimal performance in production environments was not found on the java.library.path: /usr/java/packages/lib/amd64:/usr/lib64:/lib64:/lib:/usr/lib
Feb 28, 2015 12:03:35 AM org.apache.coyote.AbstractProtocol init
INFO: Initializing ProtocolHandler ["http-bio-12780"]
Feb 28, 2015 12:03:35 AM org.apache.coyote.AbstractProtocol init
SEVERE: Failed to initialize end point associated with ProtocolHandler ["http-bio-12780"]
java.net.BindException: Address already in use <null>:12780
	at org.apache.tomcat.util.net.JIoEndpoint.bind(JIoEndpoint.java:406)
	at org.apache.tomcat.util.net.AbstractEndpoint.init(AbstractEndpoint.java:610)
	at org.apache.coyote.AbstractProtocol.init(AbstractProtocol.java:429)
	at org.apache.coyote.http11.AbstractHttp11JsseProtocol.init(AbstractHttp11JsseProtocol.java:119)
	at org.apache.catalina.connector.Connector.initInternal(Connector.java:981)
	at org.apache.catalina.util.LifecycleBase.init(LifecycleBase.java:102)
	at org.apache.catalina.core.StandardService.initInternal(StandardService.java:559)
	at org.apache.catalina.util.LifecycleBase.init(LifecycleBase.java:102)
	at org.apache.catalina.core.StandardServer.initInternal(StandardServer.java:814)
	at org.apache.catalina.util.LifecycleBase.init(LifecycleBase.java:102)
	at org.apache.catalina.startup.Catalina.load(Catalina.java:640)
	at org.apache.catalina.startup.Catalina.load(Catalina.java:665)
	at sun.reflect.NativeMethodAccessorImpl.invoke0(Native Method)
	at sun.reflect.NativeMethodAccessorImpl.invoke(NativeMethodAccessorImpl.java:57)
	at sun.reflect.DelegatingMethodAccessorImpl.invoke(DelegatingMethodAccessorImpl.java:43)
	at java.lang.reflect.Method.invoke(Method.java:606)
	at org.apache.catalina.startup.Bootstrap.load(Bootstrap.java:281)
	at org.apache.catalina.startup.Bootstrap.main(Bootstrap.java:455)
Caused by: java.net.BindException: Address already in use
	at java.net.PlainSocketImpl.socketBind(Native Method)
	at java.net.AbstractPlainSocketImpl.bind(AbstractPlainSocketImpl.java:376)
	at java.net.ServerSocket.bind(ServerSocket.java:376)
	at java.net.ServerSocket.<init>(ServerSocket.java:237)
	at java.net.ServerSocket.<init>(ServerSocket.java:181)
	at org.apache.tomcat.util.net.DefaultServerSocketFactory.createSocket(DefaultServerSocketFactory.java:49)
	at org.apache.tomcat.util.net.JIoEndpoint.bind(JIoEndpoint.java:393)
	... 17 more

Feb 28, 2015 12:03:35 AM org.apache.catalina.core.StandardService initInternal
SEVERE: Failed to initialize connector [Connector[HTTP/1.1-12780]]
org.apache.catalina.LifecycleException: Failed to initialize component [Connector[HTTP/1.1-12780]]
	at org.apache.catalina.util.LifecycleBase.init(LifecycleBase.java:106)
	at org.apache.catalina.core.StandardService.initInternal(StandardService.java:559)
	at org.apache.catalina.util.LifecycleBase.init(LifecycleBase.java:102)
	at org.apache.catalina.core.StandardServer.initInternal(StandardServer.java:814)
	at org.apache.catalina.util.LifecycleBase.init(LifecycleBase.java:102)
	at org.apache.catalina.startup.Catalina.load(Catalina.java:640)
	at org.apache.catalina.startup.Catalina.load(Catalina.java:665)
	at sun.reflect.NativeMethodAccessorImpl.invoke0(Native Method)
	at sun.reflect.NativeMethodAccessorImpl.invoke(NativeMethodAccessorImpl.java:57)
	at sun.reflect.DelegatingMethodAccessorImpl.invoke(DelegatingMethodAccessorImpl.java:43)
	at java.lang.reflect.Method.invoke(Method.java:606)
	at org.apache.catalina.startup.Bootstrap.load(Bootstrap.java:281)
	at org.apache.catalina.startup.Bootstrap.main(Bootstrap.java:455)
Caused by: org.apache.catalina.LifecycleException: Protocol handler initialization failed
	at org.apache.catalina.connector.Connector.initInternal(Connector.java:983)
	at org.apache.catalina.util.LifecycleBase.init(LifecycleBase.java:102)
	... 12 more
Caused by: java.net.BindException: Address already in use <null>:12780
	at org.apache.tomcat.util.net.JIoEndpoint.bind(JIoEndpoint.java:406)
	at org.apache.tomcat.util.net.AbstractEndpoint.init(AbstractEndpoint.java:610)
	at org.apache.coyote.AbstractProtocol.init(AbstractProtocol.java:429)
	at org.apache.coyote.http11.AbstractHttp11JsseProtocol.init(AbstractHttp11JsseProtocol.java:119)
	at org.apache.catalina.connector.Connector.initInternal(Connector.java:981)
	... 13 more
Caused by: java.net.BindException: Address already in use
	at java.net.PlainSocketImpl.socketBind(Native Method)
	at java.net.AbstractPlainSocketImpl.bind(AbstractPlainSocketImpl.java:376)
	at java.net.ServerSocket.bind(ServerSocket.java:376)
	at java.net.ServerSocket.<init>(ServerSocket.java:237)
	at java.net.ServerSocket.<init>(ServerSocket.java:181)
	at org.apache.tomcat.util.net.DefaultServerSocketFactory.createSocket(DefaultServerSocketFactory.java:49)
	at org.apache.tomcat.util.net.JIoEndpoint.bind(JIoEndpoint.java:393)
	... 17 more

Feb 28, 2015 12:03:35 AM org.apache.coyote.AbstractProtocol init
INFO: Initializing ProtocolHandler ["ajp-bio-12709"]
Feb 28, 2015 12:03:35 AM org.apache.coyote.AbstractProtocol init
SEVERE: Failed to initialize end point associated with ProtocolHandler ["ajp-bio-12709"]
java.net.BindException: Address already in use <null>:12709
	at org.apache.tomcat.util.net.JIoEndpoint.bind(JIoEndpoint.java:406)
	at org.apache.tomcat.util.net.AbstractEndpoint.init(AbstractEndpoint.java:610)
	at org.apache.coyote.AbstractProtocol.init(AbstractProtocol.java:429)
	at org.apache.catalina.connector.Connector.initInternal(Connector.java:981)
	at org.apache.catalina.util.LifecycleBase.init(LifecycleBase.java:102)
	at org.apache.catalina.core.StandardService.initInternal(StandardService.java:559)
	at org.apache.catalina.util.LifecycleBase.init(LifecycleBase.java:102)
	at org.apache.catalina.core.StandardServer.initInternal(StandardServer.java:814)
	at org.apache.catalina.util.LifecycleBase.init(LifecycleBase.java:102)
	at org.apache.catalina.startup.Catalina.load(Catalina.java:640)
	at org.apache.catalina.startup.Catalina.load(Catalina.java:665)
	at sun.reflect.NativeMethodAccessorImpl.invoke0(Native Method)
	at sun.reflect.NativeMethodAccessorImpl.invoke(NativeMethodAccessorImpl.java:57)
	at sun.reflect.DelegatingMethodAccessorImpl.invoke(DelegatingMethodAccessorImpl.java:43)
	at java.lang.reflect.Method.invoke(Method.java:606)
	at org.apache.catalina.startup.Bootstrap.load(Bootstrap.java:281)
	at org.apache.catalina.startup.Bootstrap.main(Bootstrap.java:455)
Caused by: java.net.BindException: Address already in use
	at java.net.PlainSocketImpl.socketBind(Native Method)
	at java.net.AbstractPlainSocketImpl.bind(AbstractPlainSocketImpl.java:376)
	at java.net.ServerSocket.bind(ServerSocket.java:376)
	at java.net.ServerSocket.<init>(ServerSocket.java:237)
	at java.net.ServerSocket.<init>(ServerSocket.java:181)
	at org.apache.tomcat.util.net.DefaultServerSocketFactory.createSocket(DefaultServerSocketFactory.java:49)
	at org.apache.tomcat.util.net.JIoEndpoint.bind(JIoEndpoint.java:393)
	... 16 more

Feb 28, 2015 12:03:35 AM org.apache.catalina.core.StandardService initInternal
SEVERE: Failed to initialize connector [Connector[AJP/1.3-12709]]
org.apache.catalina.LifecycleException: Failed to initialize component [Connector[AJP/1.3-12709]]
	at org.apache.catalina.util.LifecycleBase.init(LifecycleBase.java:106)
	at org.apache.catalina.core.StandardService.initInternal(StandardService.java:559)
	at org.apache.catalina.util.LifecycleBase.init(LifecycleBase.java:102)
	at org.apache.catalina.core.StandardServer.initInternal(StandardServer.java:814)
	at org.apache.catalina.util.LifecycleBase.init(LifecycleBase.java:102)
	at org.apache.catalina.startup.Catalina.load(Catalina.java:640)
	at org.apache.catalina.startup.Catalina.load(Catalina.java:665)
	at sun.reflect.NativeMethodAccessorImpl.invoke0(Native Method)
	at sun.reflect.NativeMethodAccessorImpl.invoke(NativeMethodAccessorImpl.java:57)
	at sun.reflect.DelegatingMethodAccessorImpl.invoke(DelegatingMethodAccessorImpl.java:43)
	at java.lang.reflect.Method.invoke(Method.java:606)
	at org.apache.catalina.startup.Bootstrap.load(Bootstrap.java:281)
	at org.apache.catalina.startup.Bootstrap.main(Bootstrap.java:455)
Caused by: org.apache.catalina.LifecycleException: Protocol handler initialization failed
	at org.apache.catalina.connector.Connector.initInternal(Connector.java:983)
	at org.apache.catalina.util.LifecycleBase.init(LifecycleBase.java:102)
	... 12 more
Caused by: java.net.BindException: Address already in use <null>:12709
	at org.apache.tomcat.util.net.JIoEndpoint.bind(JIoEndpoint.java:406)
	at org.apache.tomcat.util.net.AbstractEndpoint.init(AbstractEndpoint.java:610)
	at org.apache.coyote.AbstractProtocol.init(AbstractProtocol.java:429)
	at org.apache.catalina.connector.Connector.initInternal(Connector.java:981)
	... 13 more
Caused by: java.net.BindException: Address already in use
	at java.net.PlainSocketImpl.socketBind(Native Method)
	at java.net.AbstractPlainSocketImpl.bind(AbstractPlainSocketImpl.java:376)
	at java.net.ServerSocket.bind(ServerSocket.java:376)
	at java.net.ServerSocket.<init>(ServerSocket.java:237)
	at java.net.ServerSocket.<init>(ServerSocket.java:181)
	at org.apache.tomcat.util.net.DefaultServerSocketFactory.createSocket(DefaultServerSocketFactory.java:49)
	at org.apache.tomcat.util.net.JIoEndpoint.bind(JIoEndpoint.java:393)
	... 16 more

Feb 28, 2015 12:03:35 AM org.apache.catalina.startup.Catalina load
INFO: Initialization processed in 535 ms
Feb 28, 2015 12:03:35 AM org.apache.catalina.core.StandardService startInternal
INFO: Starting service Catalina
Feb 28, 2015 12:03:36 AM org.apache.catalina.core.StandardEngine startInternal
INFO: Starting Servlet Engine: Apache Tomcat/7.0.42
Feb 28, 2015 12:03:36 AM org.apache.catalina.startup.HostConfig deployWAR
INFO: Deploying web application archive /sites/geomedia/adonis/apache-tomcat-7.0.42/webapps/HelloWorldDeployTest.war
Feb 28, 2015 12:03:36 AM org.apache.catalina.startup.HostConfig deployWAR
INFO: Deploying web application archive /sites/geomedia/adonis/apache-tomcat-7.0.42/webapps/RSSAgregate.war
Feb 28, 2015 12:20:21 AM org.apache.catalina.core.AprLifecycleListener init
INFO: The APR based Apache Tomcat Native library which allows optimal performance in production environments was not found on the java.library.path: /usr/java/packages/lib/amd64:/usr/lib64:/lib64:/lib:/usr/lib
Feb 28, 2015 12:20:21 AM org.apache.coyote.AbstractProtocol init
INFO: Initializing ProtocolHandler ["http-bio-12780"]
Feb 28, 2015 12:20:21 AM org.apache.coyote.AbstractProtocol init
INFO: Initializing ProtocolHandler ["ajp-bio-12709"]
Feb 28, 2015 12:20:21 AM org.apache.catalina.startup.Catalina load
INFO: Initialization processed in 1746 ms
Feb 28, 2015 12:20:22 AM org.apache.catalina.core.StandardService startInternal
INFO: Starting service Catalina
Feb 28, 2015 12:20:22 AM org.apache.catalina.core.StandardEngine startInternal
INFO: Starting Servlet Engine: Apache Tomcat/7.0.42
Feb 28, 2015 12:20:22 AM org.apache.catalina.startup.HostConfig deployWAR
INFO: Deploying web application archive /sites/geomedia/adonis/apache-tomcat-7.0.42/webapps/HelloWorldDeployTest.war
Feb 28, 2015 12:26:47 AM org.apache.catalina.core.AprLifecycleListener init
INFO: The APR based Apache Tomcat Native library which allows optimal performance in production environments was not found on the java.library.path: /usr/java/packages/lib/amd64:/usr/lib64:/lib64:/lib:/usr/lib
Feb 28, 2015 12:26:47 AM org.apache.coyote.AbstractProtocol init
INFO: Initializing ProtocolHandler ["http-bio-12780"]
Feb 28, 2015 12:26:47 AM org.apache.coyote.AbstractProtocol init
INFO: Initializing ProtocolHandler ["ajp-bio-12709"]
Feb 28, 2015 12:26:47 AM org.apache.catalina.startup.Catalina load
INFO: Initialization processed in 640 ms
Feb 28, 2015 12:26:47 AM org.apache.catalina.core.StandardService startInternal
INFO: Starting service Catalina
Feb 28, 2015 12:26:47 AM org.apache.catalina.core.StandardEngine startInternal
INFO: Starting Servlet Engine: Apache Tomcat/7.0.42
Feb 28, 2015 12:26:47 AM org.apache.catalina.startup.HostConfig deployWAR
INFO: Deploying web application archive /sites/geomedia/adonis/apache-tomcat-7.0.42/webapps/HelloWorldDeployTest.war
Feb 28, 2015 12:26:54 AM org.apache.catalina.core.AprLifecycleListener init
INFO: The APR based Apache Tomcat Native library which allows optimal performance in production environments was not found on the java.library.path: /usr/java/packages/lib/amd64:/usr/lib64:/lib64:/lib:/usr/lib
Feb 28, 2015 12:26:54 AM org.apache.coyote.AbstractProtocol init
INFO: Initializing ProtocolHandler ["http-bio-12780"]
Feb 28, 2015 12:26:54 AM org.apache.coyote.AbstractProtocol init
SEVERE: Failed to initialize end point associated with ProtocolHandler ["http-bio-12780"]
java.net.BindException: Address already in use <null>:12780
	at org.apache.tomcat.util.net.JIoEndpoint.bind(JIoEndpoint.java:406)
	at org.apache.tomcat.util.net.AbstractEndpoint.init(AbstractEndpoint.java:610)
	at org.apache.coyote.AbstractProtocol.init(AbstractProtocol.java:429)
	at org.apache.coyote.http11.AbstractHttp11JsseProtocol.init(AbstractHttp11JsseProtocol.java:119)
	at org.apache.catalina.connector.Connector.initInternal(Connector.java:981)
	at org.apache.catalina.util.LifecycleBase.init(LifecycleBase.java:102)
	at org.apache.catalina.core.StandardService.initInternal(StandardService.java:559)
	at org.apache.catalina.util.LifecycleBase.init(LifecycleBase.java:102)
	at org.apache.catalina.core.StandardServer.initInternal(StandardServer.java:814)
	at org.apache.catalina.util.LifecycleBase.init(LifecycleBase.java:102)
	at org.apache.catalina.startup.Catalina.load(Catalina.java:640)
	at org.apache.catalina.startup.Catalina.load(Catalina.java:665)
	at sun.reflect.NativeMethodAccessorImpl.invoke0(Native Method)
	at sun.reflect.NativeMethodAccessorImpl.invoke(NativeMethodAccessorImpl.java:57)
	at sun.reflect.DelegatingMethodAccessorImpl.invoke(DelegatingMethodAccessorImpl.java:43)
	at java.lang.reflect.Method.invoke(Method.java:606)
	at org.apache.catalina.startup.Bootstrap.load(Bootstrap.java:281)
	at org.apache.catalina.startup.Bootstrap.main(Bootstrap.java:455)
Caused by: java.net.BindException: Address already in use
	at java.net.PlainSocketImpl.socketBind(Native Method)
	at java.net.AbstractPlainSocketImpl.bind(AbstractPlainSocketImpl.java:376)
	at java.net.ServerSocket.bind(ServerSocket.java:376)
	at java.net.ServerSocket.<init>(ServerSocket.java:237)
	at java.net.ServerSocket.<init>(ServerSocket.java:181)
	at org.apache.tomcat.util.net.DefaultServerSocketFactory.createSocket(DefaultServerSocketFactory.java:49)
	at org.apache.tomcat.util.net.JIoEndpoint.bind(JIoEndpoint.java:393)
	... 17 more

Feb 28, 2015 12:26:54 AM org.apache.catalina.core.StandardService initInternal
SEVERE: Failed to initialize connector [Connector[HTTP/1.1-12780]]
org.apache.catalina.LifecycleException: Failed to initialize component [Connector[HTTP/1.1-12780]]
	at org.apache.catalina.util.LifecycleBase.init(LifecycleBase.java:106)
	at org.apache.catalina.core.StandardService.initInternal(StandardService.java:559)
	at org.apache.catalina.util.LifecycleBase.init(LifecycleBase.java:102)
	at org.apache.catalina.core.StandardServer.initInternal(StandardServer.java:814)
	at org.apache.catalina.util.LifecycleBase.init(LifecycleBase.java:102)
	at org.apache.catalina.startup.Catalina.load(Catalina.java:640)
	at org.apache.catalina.startup.Catalina.load(Catalina.java:665)
	at sun.reflect.NativeMethodAccessorImpl.invoke0(Native Method)
	at sun.reflect.NativeMethodAccessorImpl.invoke(NativeMethodAccessorImpl.java:57)
	at sun.reflect.DelegatingMethodAccessorImpl.invoke(DelegatingMethodAccessorImpl.java:43)
	at java.lang.reflect.Method.invoke(Method.java:606)
	at org.apache.catalina.startup.Bootstrap.load(Bootstrap.java:281)
	at org.apache.catalina.startup.Bootstrap.main(Bootstrap.java:455)
Caused by: org.apache.catalina.LifecycleException: Protocol handler initialization failed
	at org.apache.catalina.connector.Connector.initInternal(Connector.java:983)
	at org.apache.catalina.util.LifecycleBase.init(LifecycleBase.java:102)
	... 12 more
Caused by: java.net.BindException: Address already in use <null>:12780
	at org.apache.tomcat.util.net.JIoEndpoint.bind(JIoEndpoint.java:406)
	at org.apache.tomcat.util.net.AbstractEndpoint.init(AbstractEndpoint.java:610)
	at org.apache.coyote.AbstractProtocol.init(AbstractProtocol.java:429)
	at org.apache.coyote.http11.AbstractHttp11JsseProtocol.init(AbstractHttp11JsseProtocol.java:119)
	at org.apache.catalina.connector.Connector.initInternal(Connector.java:981)
	... 13 more
Caused by: java.net.BindException: Address already in use
	at java.net.PlainSocketImpl.socketBind(Native Method)
	at java.net.AbstractPlainSocketImpl.bind(AbstractPlainSocketImpl.java:376)
	at java.net.ServerSocket.bind(ServerSocket.java:376)
	at java.net.ServerSocket.<init>(ServerSocket.java:237)
	at java.net.ServerSocket.<init>(ServerSocket.java:181)
	at org.apache.tomcat.util.net.DefaultServerSocketFactory.createSocket(DefaultServerSocketFactory.java:49)
	at org.apache.tomcat.util.net.JIoEndpoint.bind(JIoEndpoint.java:393)
	... 17 more

Feb 28, 2015 12:26:54 AM org.apache.coyote.AbstractProtocol init
INFO: Initializing ProtocolHandler ["ajp-bio-12709"]
Feb 28, 2015 12:26:54 AM org.apache.coyote.AbstractProtocol init
SEVERE: Failed to initialize end point associated with ProtocolHandler ["ajp-bio-12709"]
java.net.BindException: Address already in use <null>:12709
	at org.apache.tomcat.util.net.JIoEndpoint.bind(JIoEndpoint.java:406)
	at org.apache.tomcat.util.net.AbstractEndpoint.init(AbstractEndpoint.java:610)
	at org.apache.coyote.AbstractProtocol.init(AbstractProtocol.java:429)
	at org.apache.catalina.connector.Connector.initInternal(Connector.java:981)
	at org.apache.catalina.util.LifecycleBase.init(LifecycleBase.java:102)
	at org.apache.catalina.core.StandardService.initInternal(StandardService.java:559)
	at org.apache.catalina.util.LifecycleBase.init(LifecycleBase.java:102)
	at org.apache.catalina.core.StandardServer.initInternal(StandardServer.java:814)
	at org.apache.catalina.util.LifecycleBase.init(LifecycleBase.java:102)
	at org.apache.catalina.startup.Catalina.load(Catalina.java:640)
	at org.apache.catalina.startup.Catalina.load(Catalina.java:665)
	at sun.reflect.NativeMethodAccessorImpl.invoke0(Native Method)
	at sun.reflect.NativeMethodAccessorImpl.invoke(NativeMethodAccessorImpl.java:57)
	at sun.reflect.DelegatingMethodAccessorImpl.invoke(DelegatingMethodAccessorImpl.java:43)
	at java.lang.reflect.Method.invoke(Method.java:606)
	at org.apache.catalina.startup.Bootstrap.load(Bootstrap.java:281)
	at org.apache.catalina.startup.Bootstrap.main(Bootstrap.java:455)
Caused by: java.net.BindException: Address already in use
	at java.net.PlainSocketImpl.socketBind(Native Method)
	at java.net.AbstractPlainSocketImpl.bind(AbstractPlainSocketImpl.java:376)
	at java.net.ServerSocket.bind(ServerSocket.java:376)
	at java.net.ServerSocket.<init>(ServerSocket.java:237)
	at java.net.ServerSocket.<init>(ServerSocket.java:181)
	at org.apache.tomcat.util.net.DefaultServerSocketFactory.createSocket(DefaultServerSocketFactory.java:49)
	at org.apache.tomcat.util.net.JIoEndpoint.bind(JIoEndpoint.java:393)
	... 16 more

Feb 28, 2015 12:26:54 AM org.apache.catalina.core.StandardService initInternal
SEVERE: Failed to initialize connector [Connector[AJP/1.3-12709]]
org.apache.catalina.LifecycleException: Failed to initialize component [Connector[AJP/1.3-12709]]
	at org.apache.catalina.util.LifecycleBase.init(LifecycleBase.java:106)
	at org.apache.catalina.core.StandardService.initInternal(StandardService.java:559)
	at org.apache.catalina.util.LifecycleBase.init(LifecycleBase.java:102)
	at org.apache.catalina.core.StandardServer.initInternal(StandardServer.java:814)
	at org.apache.catalina.util.LifecycleBase.init(LifecycleBase.java:102)
	at org.apache.catalina.startup.Catalina.load(Catalina.java:640)
	at org.apache.catalina.startup.Catalina.load(Catalina.java:665)
	at sun.reflect.NativeMethodAccessorImpl.invoke0(Native Method)
	at sun.reflect.NativeMethodAccessorImpl.invoke(NativeMethodAccessorImpl.java:57)
	at sun.reflect.DelegatingMethodAccessorImpl.invoke(DelegatingMethodAccessorImpl.java:43)
	at java.lang.reflect.Method.invoke(Method.java:606)
	at org.apache.catalina.startup.Bootstrap.load(Bootstrap.java:281)
	at org.apache.catalina.startup.Bootstrap.main(Bootstrap.java:455)
Caused by: org.apache.catalina.LifecycleException: Protocol handler initialization failed
	at org.apache.catalina.connector.Connector.initInternal(Connector.java:983)
	at org.apache.catalina.util.LifecycleBase.init(LifecycleBase.java:102)
	... 12 more
Caused by: java.net.BindException: Address already in use <null>:12709
	at org.apache.tomcat.util.net.JIoEndpoint.bind(JIoEndpoint.java:406)
	at org.apache.tomcat.util.net.AbstractEndpoint.init(AbstractEndpoint.java:610)
	at org.apache.coyote.AbstractProtocol.init(AbstractProtocol.java:429)
	at org.apache.catalina.connector.Connector.initInternal(Connector.java:981)
	... 13 more
Caused by: java.net.BindException: Address already in use
	at java.net.PlainSocketImpl.socketBind(Native Method)
	at java.net.AbstractPlainSocketImpl.bind(AbstractPlainSocketImpl.java:376)
	at java.net.ServerSocket.bind(ServerSocket.java:376)
	at java.net.ServerSocket.<init>(ServerSocket.java:237)
	at java.net.ServerSocket.<init>(ServerSocket.java:181)
	at org.apache.tomcat.util.net.DefaultServerSocketFactory.createSocket(DefaultServerSocketFactory.java:49)
	at org.apache.tomcat.util.net.JIoEndpoint.bind(JIoEndpoint.java:393)
	... 16 more

Feb 28, 2015 12:26:54 AM org.apache.catalina.startup.Catalina load
INFO: Initialization processed in 842 ms
Feb 28, 2015 12:26:54 AM org.apache.catalina.core.StandardService startInternal
INFO: Starting service Catalina
Feb 28, 2015 12:26:54 AM org.apache.catalina.core.StandardEngine startInternal
INFO: Starting Servlet Engine: Apache Tomcat/7.0.42
Feb 28, 2015 12:26:54 AM org.apache.catalina.startup.HostConfig deployWAR
INFO: Deploying web application archive /sites/geomedia/adonis/apache-tomcat-7.0.42/webapps/HelloWorldDeployTest.war
Feb 28, 2015 12:28:25 AM org.apache.catalina.util.SessionIdGenerator createSecureRandom
INFO: Creation of SecureRandom instance for session ID generation using [SHA1PRNG] took [97,334] milliseconds.
Feb 28, 2015 12:28:25 AM org.apache.catalina.startup.HostConfig deployWAR
INFO: Deploying web application archive /sites/geomedia/adonis/apache-tomcat-7.0.42/webapps/RSSAgregate.war
Feb 28, 2015 12:28:31 AM org.apache.catalina.util.SessionIdGenerator createSecureRandom
INFO: Creation of SecureRandom instance for session ID generation using [SHA1PRNG] took [96,674] milliseconds.
Feb 28, 2015 12:28:31 AM org.apache.catalina.startup.HostConfig deployWAR
INFO: Deploying web application archive /sites/geomedia/adonis/apache-tomcat-7.0.42/webapps/RSSAgregate.war
Feb 28, 2015 12:28:39 AM org.apache.catalina.startup.HostConfig deployWAR
INFO: Deploying web application archive /sites/geomedia/adonis/apache-tomcat-7.0.42/webapps/geotest.war
Feb 28, 2015 12:28:41 AM org.apache.catalina.startup.HostConfig deployWAR
INFO: Deploying web application archive /sites/geomedia/adonis/apache-tomcat-7.0.42/webapps/hellotest.war
Feb 28, 2015 12:28:41 AM org.apache.catalina.startup.HostConfig deployDirectory
INFO: Deploying web application directory /sites/geomedia/adonis/apache-tomcat-7.0.42/webapps/ROOT
Feb 28, 2015 12:28:41 AM org.apache.catalina.startup.HostConfig deployDirectory
INFO: Deploying web application directory /sites/geomedia/adonis/apache-tomcat-7.0.42/webapps/docs
Feb 28, 2015 12:28:41 AM org.apache.catalina.startup.HostConfig deployDirectory
INFO: Deploying web application directory /sites/geomedia/adonis/apache-tomcat-7.0.42/webapps/examples
Feb 28, 2015 12:28:42 AM org.apache.catalina.startup.HostConfig deployDirectory
INFO: Deploying web application directory /sites/geomedia/adonis/apache-tomcat-7.0.42/webapps/host-manager
Feb 28, 2015 12:28:42 AM org.apache.catalina.startup.HostConfig deployDirectory
INFO: Deploying web application directory /sites/geomedia/adonis/apache-tomcat-7.0.42/webapps/manager
Feb 28, 2015 12:28:42 AM org.apache.catalina.startup.HostConfig deployDirectory
INFO: Deploying web application directory /sites/geomedia/adonis/apache-tomcat-7.0.42/webapps/restarter
Feb 28, 2015 12:28:42 AM org.apache.coyote.AbstractProtocol start
INFO: Starting ProtocolHandler ["http-bio-12780"]
Feb 28, 2015 12:28:42 AM org.apache.coyote.AbstractProtocol start
INFO: Starting ProtocolHandler ["ajp-bio-12709"]
Feb 28, 2015 12:28:42 AM org.apache.catalina.startup.Catalina start
INFO: Server startup in 115007 ms
Feb 28, 2015 12:28:44 AM org.apache.catalina.startup.HostConfig deployWAR
INFO: Deploying web application archive /sites/geomedia/adonis/apache-tomcat-7.0.42/webapps/geotest.war
Feb 28, 2015 12:28:44 AM org.apache.catalina.startup.HostConfig deployWAR
INFO: Deploying web application archive /sites/geomedia/adonis/apache-tomcat-7.0.42/webapps/hellotest.war
Feb 28, 2015 12:28:45 AM org.apache.catalina.startup.HostConfig deployDirectory
INFO: Deploying web application directory /sites/geomedia/adonis/apache-tomcat-7.0.42/webapps/ROOT
Feb 28, 2015 12:28:45 AM org.apache.catalina.startup.HostConfig deployDirectory
INFO: Deploying web application directory /sites/geomedia/adonis/apache-tomcat-7.0.42/webapps/docs
Feb 28, 2015 12:28:45 AM org.apache.catalina.startup.HostConfig deployDirectory
INFO: Deploying web application directory /sites/geomedia/adonis/apache-tomcat-7.0.42/webapps/examples
Feb 28, 2015 12:28:45 AM org.apache.catalina.startup.HostConfig deployDirectory
INFO: Deploying web application directory /sites/geomedia/adonis/apache-tomcat-7.0.42/webapps/host-manager
Feb 28, 2015 12:28:45 AM org.apache.catalina.startup.HostConfig deployDirectory
INFO: Deploying web application directory /sites/geomedia/adonis/apache-tomcat-7.0.42/webapps/manager
Feb 28, 2015 12:28:45 AM org.apache.catalina.startup.HostConfig deployDirectory
INFO: Deploying web application directory /sites/geomedia/adonis/apache-tomcat-7.0.42/webapps/restarter
Feb 28, 2015 12:28:45 AM org.apache.catalina.startup.Catalina start
INFO: Server startup in 110755 ms
Feb 28, 2015 12:28:45 AM org.apache.catalina.core.StandardServer await
SEVERE: StandardServer.await: create[localhost:12705]: 
java.net.BindException: Address already in use
	at java.net.PlainSocketImpl.socketBind(Native Method)
	at java.net.AbstractPlainSocketImpl.bind(AbstractPlainSocketImpl.java:376)
	at java.net.ServerSocket.bind(ServerSocket.java:376)
	at java.net.ServerSocket.<init>(ServerSocket.java:237)
	at org.apache.catalina.core.StandardServer.await(StandardServer.java:427)
	at org.apache.catalina.startup.Catalina.await(Catalina.java:779)
	at org.apache.catalina.startup.Catalina.start(Catalina.java:725)
	at sun.reflect.NativeMethodAccessorImpl.invoke0(Native Method)
	at sun.reflect.NativeMethodAccessorImpl.invoke(NativeMethodAccessorImpl.java:57)
	at sun.reflect.DelegatingMethodAccessorImpl.invoke(DelegatingMethodAccessorImpl.java:43)
	at java.lang.reflect.Method.invoke(Method.java:606)
	at org.apache.catalina.startup.Bootstrap.start(Bootstrap.java:322)
	at org.apache.catalina.startup.Bootstrap.main(Bootstrap.java:456)

Feb 28, 2015 12:28:45 AM org.apache.coyote.AbstractProtocol pause
INFO: Pausing ProtocolHandler ["http-bio-12780"]
Feb 28, 2015 12:28:45 AM org.apache.coyote.AbstractProtocol pause
INFO: Pausing ProtocolHandler ["ajp-bio-12709"]
Feb 28, 2015 12:28:45 AM org.apache.catalina.core.StandardService stopInternal
INFO: Stopping service Catalina
Feb 28, 2015 12:28:45 AM org.apache.catalina.loader.WebappClassLoader clearReferencesThreads
SEVERE: The web application [/RSSAgregate] appears to have started a thread named [pool-5-thread-3] but has failed to stop it. This is very likely to create a memory leak.
Feb 28, 2015 12:28:45 AM org.apache.catalina.loader.WebappClassLoader loadClass
INFO: Illegal access: this web application instance has been stopped already.  Could not load org.apache.log4j.spi.ThrowableRenderer.  The eventual following stack trace is caused by an error thrown for debugging purposes as well as to attempt to terminate the thread which caused the illegal access, and has no functional impact.
java.lang.IllegalStateException
	at org.apache.catalina.loader.WebappClassLoader.loadClass(WebappClassLoader.java:1600)
	at org.apache.catalina.loader.WebappClassLoader.loadClass(WebappClassLoader.java:1559)
	at java.lang.ClassLoader.defineClass1(Native Method)
	at java.lang.ClassLoader.defineClass(ClassLoader.java:800)
	at java.security.SecureClassLoader.defineClass(SecureClassLoader.java:142)
	at org.apache.catalina.loader.WebappClassLoader.findClassInternal(WebappClassLoader.java:2895)
	at org.apache.catalina.loader.WebappClassLoader.findClass(WebappClassLoader.java:1173)
	at org.apache.catalina.loader.WebappClassLoader.loadClass(WebappClassLoader.java:1681)
	at org.apache.catalina.loader.WebappClassLoader.loadClass(WebappClassLoader.java:1559)
	at org.apache.log4j.spi.ThrowableInformation.getThrowableStrRep(ThrowableInformation.java:87)
	at org.apache.log4j.spi.LoggingEvent.getThrowableStrRep(LoggingEvent.java:413)
	at org.apache.log4j.WriterAppender.subAppend(WriterAppender.java:313)
	at org.apache.log4j.WriterAppender.append(WriterAppender.java:162)
	at org.apache.log4j.AppenderSkeleton.doAppend(AppenderSkeleton.java:251)
	at org.apache.log4j.helpers.AppenderAttachableImpl.appendLoopOnAppenders(AppenderAttachableImpl.java:65)
	at org.apache.log4j.Category.callAppenders(Category.java:206)
	at org.apache.log4j.Category.forcedLog(Category.java:391)
	at org.apache.log4j.Category.error(Category.java:322)
	at rssagregator.dao.CacheHashFlux.ChargerLesHashdesFluxdepuisBDD(CacheHashFlux.java:76)
	at rssagregator.services.ServiceCollecteur$1.run(ServiceCollecteur.java:530)
	at java.util.concurrent.Executors$RunnableAdapter.call(Executors.java:471)
	at java.util.concurrent.FutureTask.run(FutureTask.java:262)
	at java.util.concurrent.ThreadPoolExecutor.runWorker(ThreadPoolExecutor.java:1145)
	at java.util.concurrent.ThreadPoolExecutor$Worker.run(ThreadPoolExecutor.java:615)
	at java.lang.Thread.run(Thread.java:745)

Feb 28, 2015 12:28:45 AM org.apache.coyote.AbstractProtocol stop
INFO: Stopping ProtocolHandler ["http-bio-12780"]
Feb 28, 2015 12:28:45 AM org.apache.coyote.AbstractProtocol destroy
INFO: Destroying ProtocolHandler ["http-bio-12780"]
Feb 28, 2015 12:28:45 AM org.apache.coyote.AbstractProtocol stop
INFO: Stopping ProtocolHandler ["ajp-bio-12709"]
Feb 28, 2015 12:28:45 AM org.apache.coyote.AbstractProtocol destroy
INFO: Destroying ProtocolHandler ["ajp-bio-12709"]
Feb 28, 2015 12:32:04 AM org.apache.catalina.core.StandardServer await
INFO: A valid shutdown command was received via the shutdown port. Stopping the Server instance.
Feb 28, 2015 12:32:04 AM org.apache.coyote.AbstractProtocol pause
INFO: Pausing ProtocolHandler ["http-bio-12780"]
Feb 28, 2015 12:32:04 AM org.apache.coyote.AbstractProtocol pause
INFO: Pausing ProtocolHandler ["ajp-bio-12709"]
Feb 28, 2015 12:32:04 AM org.apache.catalina.core.StandardService stopInternal
INFO: Stopping service Catalina
Feb 28, 2015 12:32:05 AM org.apache.coyote.AbstractProtocol stop
INFO: Stopping ProtocolHandler ["http-bio-12780"]
Feb 28, 2015 12:32:05 AM org.apache.coyote.AbstractProtocol stop
INFO: Stopping ProtocolHandler ["ajp-bio-12709"]
Feb 28, 2015 12:32:05 AM org.apache.coyote.AbstractProtocol destroy
INFO: Destroying ProtocolHandler ["http-bio-12780"]
Feb 28, 2015 12:32:05 AM org.apache.coyote.AbstractProtocol destroy
INFO: Destroying ProtocolHandler ["ajp-bio-12709"]
Feb 28, 2015 12:32:18 AM org.apache.catalina.core.AprLifecycleListener init
INFO: The APR based Apache Tomcat Native library which allows optimal performance in production environments was not found on the java.library.path: /usr/java/packages/lib/amd64:/usr/lib64:/lib64:/lib:/usr/lib
Feb 28, 2015 12:32:18 AM org.apache.coyote.AbstractProtocol init
INFO: Initializing ProtocolHandler ["http-bio-12780"]
Feb 28, 2015 12:32:18 AM org.apache.coyote.AbstractProtocol init
INFO: Initializing ProtocolHandler ["ajp-bio-12709"]
Feb 28, 2015 12:32:18 AM org.apache.catalina.startup.Catalina load
INFO: Initialization processed in 829 ms
Feb 28, 2015 12:32:18 AM org.apache.catalina.core.StandardService startInternal
INFO: Starting service Catalina
Feb 28, 2015 12:32:18 AM org.apache.catalina.core.StandardEngine startInternal
INFO: Starting Servlet Engine: Apache Tomcat/7.0.42
Feb 28, 2015 12:32:18 AM org.apache.catalina.startup.HostConfig deployWAR
INFO: Deploying web application archive /sites/geomedia/adonis/apache-tomcat-7.0.42/webapps/HelloWorldDeployTest.war
Feb 28, 2015 12:32:19 AM org.apache.catalina.startup.HostConfig deployWAR
INFO: Deploying web application archive /sites/geomedia/adonis/apache-tomcat-7.0.42/webapps/RSSAgregate.war
Feb 28, 2015 12:32:32 AM org.apache.catalina.startup.HostConfig deployWAR
INFO: Deploying web application archive /sites/geomedia/adonis/apache-tomcat-7.0.42/webapps/geotest.war
Feb 28, 2015 12:32:33 AM org.apache.catalina.startup.HostConfig deployWAR
INFO: Deploying web application archive /sites/geomedia/adonis/apache-tomcat-7.0.42/webapps/hellotest.war
Feb 28, 2015 12:32:33 AM org.apache.catalina.startup.HostConfig deployDirectory
INFO: Deploying web application directory /sites/geomedia/adonis/apache-tomcat-7.0.42/webapps/ROOT
Feb 28, 2015 12:32:33 AM org.apache.catalina.startup.HostConfig deployDirectory
INFO: Deploying web application directory /sites/geomedia/adonis/apache-tomcat-7.0.42/webapps/docs
Feb 28, 2015 12:32:33 AM org.apache.catalina.startup.HostConfig deployDirectory
INFO: Deploying web application directory /sites/geomedia/adonis/apache-tomcat-7.0.42/webapps/examples
Feb 28, 2015 12:32:33 AM org.apache.catalina.startup.HostConfig deployDirectory
INFO: Deploying web application directory /sites/geomedia/adonis/apache-tomcat-7.0.42/webapps/host-manager
Feb 28, 2015 12:32:33 AM org.apache.catalina.startup.HostConfig deployDirectory
INFO: Deploying web application directory /sites/geomedia/adonis/apache-tomcat-7.0.42/webapps/manager
Feb 28, 2015 12:32:33 AM org.apache.catalina.startup.HostConfig deployDirectory
INFO: Deploying web application directory /sites/geomedia/adonis/apache-tomcat-7.0.42/webapps/restarter
Feb 28, 2015 12:32:33 AM org.apache.coyote.AbstractProtocol start
INFO: Starting ProtocolHandler ["http-bio-12780"]
Feb 28, 2015 12:32:33 AM org.apache.coyote.AbstractProtocol start
INFO: Starting ProtocolHandler ["ajp-bio-12709"]
Feb 28, 2015 12:32:33 AM org.apache.catalina.startup.Catalina start
INFO: Server startup in 15056 ms
Feb 28, 2015 4:26:05 PM org.apache.catalina.core.StandardServer await
INFO: A valid shutdown command was received via the shutdown port. Stopping the Server instance.
Feb 28, 2015 4:26:05 PM org.apache.coyote.AbstractProtocol pause
INFO: Pausing ProtocolHandler ["http-bio-12780"]
Feb 28, 2015 4:26:05 PM org.apache.coyote.AbstractProtocol pause
INFO: Pausing ProtocolHandler ["ajp-bio-12709"]
Feb 28, 2015 4:26:05 PM org.apache.catalina.core.StandardService stopInternal
INFO: Stopping service Catalina
Feb 28, 2015 4:26:06 PM org.apache.catalina.loader.WebappClassLoader clearReferencesThreads
SEVERE: The web application [/RSSAgregate] appears to have started a thread named [pool-11-thread-1] but has failed to stop it. This is very likely to create a memory leak.
Feb 28, 2015 4:26:06 PM org.apache.catalina.loader.WebappClassLoader clearReferencesThreads
SEVERE: The web application [/RSSAgregate] appears to have started a thread named [pool-11-thread-2] but has failed to stop it. This is very likely to create a memory leak.
Feb 28, 2015 4:26:06 PM org.apache.catalina.loader.WebappClassLoader clearReferencesThreads
SEVERE: The web application [/RSSAgregate] appears to have started a thread named [pool-11-thread-3] but has failed to stop it. This is very likely to create a memory leak.
Feb 28, 2015 4:26:06 PM org.apache.catalina.loader.WebappClassLoader clearReferencesThreads
SEVERE: The web application [/RSSAgregate] appears to have started a thread named [pool-11-thread-4] but has failed to stop it. This is very likely to create a memory leak.
Feb 28, 2015 4:26:06 PM org.apache.catalina.loader.WebappClassLoader clearReferencesThreads
SEVERE: The web application [/RSSAgregate] appears to have started a thread named [pool-2964-thread-1] but has failed to stop it. This is very likely to create a memory leak.
Feb 28, 2015 4:26:06 PM org.apache.catalina.loader.WebappClassLoader clearReferencesThreads
SEVERE: The web application [/RSSAgregate] appears to have started a thread named [pool-2975-thread-1] but has failed to stop it. This is very likely to create a memory leak.
Feb 28, 2015 4:26:06 PM org.apache.catalina.loader.WebappClassLoader clearReferencesThreads
SEVERE: The web application [/RSSAgregate] appears to have started a thread named [pool-3058-thread-1] but has failed to stop it. This is very likely to create a memory leak.
Feb 28, 2015 4:26:06 PM org.apache.catalina.loader.WebappClassLoader clearReferencesThreads
SEVERE: The web application [/RSSAgregate] appears to have started a thread named [pool-3070-thread-1] but has failed to stop it. This is very likely to create a memory leak.
Feb 28, 2015 4:26:07 PM org.apache.coyote.AbstractProtocol stop
INFO: Stopping ProtocolHandler ["http-bio-12780"]
Feb 28, 2015 4:26:07 PM org.apache.coyote.AbstractProtocol stop
INFO: Stopping ProtocolHandler ["ajp-bio-12709"]
Feb 28, 2015 4:26:07 PM org.apache.coyote.AbstractProtocol destroy
INFO: Destroying ProtocolHandler ["http-bio-12780"]
Feb 28, 2015 4:26:07 PM org.apache.coyote.AbstractProtocol destroy
INFO: Destroying ProtocolHandler ["ajp-bio-12709"]
Feb 28, 2015 4:27:55 PM org.apache.catalina.core.AprLifecycleListener init
INFO: The APR based Apache Tomcat Native library which allows optimal performance in production environments was not found on the java.library.path: /usr/java/packages/lib/amd64:/usr/lib64:/lib64:/lib:/usr/lib
Feb 28, 2015 4:27:56 PM org.apache.coyote.AbstractProtocol init
INFO: Initializing ProtocolHandler ["http-bio-12780"]
Feb 28, 2015 4:27:56 PM org.apache.coyote.AbstractProtocol init
INFO: Initializing ProtocolHandler ["ajp-bio-12709"]
Feb 28, 2015 4:27:56 PM org.apache.catalina.startup.Catalina load
INFO: Initialization processed in 1681 ms
Feb 28, 2015 4:27:56 PM org.apache.catalina.core.StandardService startInternal
INFO: Starting service Catalina
Feb 28, 2015 4:27:56 PM org.apache.catalina.core.StandardEngine startInternal
INFO: Starting Servlet Engine: Apache Tomcat/7.0.42
Feb 28, 2015 4:27:56 PM org.apache.catalina.startup.HostConfig deployWAR
INFO: Deploying web application archive /sites/geomedia/adonis/apache-tomcat-7.0.42/webapps/HelloWorldDeployTest.war
Feb 28, 2015 4:27:57 PM org.apache.catalina.startup.HostConfig deployWAR
INFO: Deploying web application archive /sites/geomedia/adonis/apache-tomcat-7.0.42/webapps/RSSAgregate.war
Feb 28, 2015 4:28:14 PM org.apache.catalina.startup.HostConfig deployWAR
INFO: Deploying web application archive /sites/geomedia/adonis/apache-tomcat-7.0.42/webapps/geotest.war
Feb 28, 2015 4:28:15 PM org.apache.catalina.startup.HostConfig deployWAR
INFO: Deploying web application archive /sites/geomedia/adonis/apache-tomcat-7.0.42/webapps/hellotest.war
Feb 28, 2015 4:28:15 PM org.apache.catalina.startup.HostConfig deployDirectory
INFO: Deploying web application directory /sites/geomedia/adonis/apache-tomcat-7.0.42/webapps/ROOT
Feb 28, 2015 4:28:15 PM org.apache.catalina.startup.HostConfig deployDirectory
INFO: Deploying web application directory /sites/geomedia/adonis/apache-tomcat-7.0.42/webapps/docs
Feb 28, 2015 4:28:15 PM org.apache.catalina.startup.HostConfig deployDirectory
INFO: Deploying web application directory /sites/geomedia/adonis/apache-tomcat-7.0.42/webapps/examples
Feb 28, 2015 4:28:16 PM org.apache.catalina.startup.HostConfig deployDirectory
INFO: Deploying web application directory /sites/geomedia/adonis/apache-tomcat-7.0.42/webapps/host-manager
Feb 28, 2015 4:28:16 PM org.apache.catalina.startup.HostConfig deployDirectory
INFO: Deploying web application directory /sites/geomedia/adonis/apache-tomcat-7.0.42/webapps/manager
Feb 28, 2015 4:28:16 PM org.apache.catalina.startup.HostConfig deployDirectory
INFO: Deploying web application directory /sites/geomedia/adonis/apache-tomcat-7.0.42/webapps/restarter
Feb 28, 2015 4:28:16 PM org.apache.coyote.AbstractProtocol start
INFO: Starting ProtocolHandler ["http-bio-12780"]
Feb 28, 2015 4:28:16 PM org.apache.coyote.AbstractProtocol start
INFO: Starting ProtocolHandler ["ajp-bio-12709"]
Feb 28, 2015 4:28:16 PM org.apache.catalina.startup.Catalina start
INFO: Server startup in 19909 ms
Feb 28, 2015 10:47:53 PM org.apache.catalina.core.StandardServer await
INFO: A valid shutdown command was received via the shutdown port. Stopping the Server instance.
Feb 28, 2015 10:47:53 PM org.apache.coyote.AbstractProtocol pause
INFO: Pausing ProtocolHandler ["http-bio-12780"]
Feb 28, 2015 10:47:53 PM org.apache.coyote.AbstractProtocol pause
INFO: Pausing ProtocolHandler ["ajp-bio-12709"]
Feb 28, 2015 10:47:53 PM org.apache.catalina.core.StandardService stopInternal
INFO: Stopping service Catalina
Feb 28, 2015 10:47:55 PM org.apache.coyote.AbstractProtocol stop
INFO: Stopping ProtocolHandler ["http-bio-12780"]
Feb 28, 2015 10:47:55 PM org.apache.coyote.AbstractProtocol stop
INFO: Stopping ProtocolHandler ["ajp-bio-12709"]
Feb 28, 2015 10:47:55 PM org.apache.coyote.AbstractProtocol destroy
INFO: Destroying ProtocolHandler ["http-bio-12780"]
Feb 28, 2015 10:47:55 PM org.apache.coyote.AbstractProtocol destroy
INFO: Destroying ProtocolHandler ["ajp-bio-12709"]
Feb 28, 2015 11:54:45 PM org.apache.catalina.core.AprLifecycleListener init
INFO: The APR based Apache Tomcat Native library which allows optimal performance in production environments was not found on the java.library.path: /usr/java/packages/lib/amd64:/usr/lib64:/lib64:/lib:/usr/lib
Feb 28, 2015 11:54:45 PM org.apache.coyote.AbstractProtocol init
INFO: Initializing ProtocolHandler ["http-bio-12780"]
Feb 28, 2015 11:54:45 PM org.apache.coyote.AbstractProtocol init
INFO: Initializing ProtocolHandler ["ajp-bio-12709"]
Feb 28, 2015 11:54:45 PM org.apache.catalina.startup.Catalina load
INFO: Initialization processed in 1635 ms
Feb 28, 2015 11:54:45 PM org.apache.catalina.core.StandardService startInternal
INFO: Starting service Catalina
Feb 28, 2015 11:54:45 PM org.apache.catalina.core.StandardEngine startInternal
INFO: Starting Servlet Engine: Apache Tomcat/7.0.42
Feb 28, 2015 11:54:46 PM org.apache.catalina.startup.HostConfig deployWAR
INFO: Deploying web application archive /sites/geomedia/adonis/apache-tomcat-7.0.42/webapps/HelloWorldDeployTest.war
Feb 28, 2015 11:54:47 PM org.apache.catalina.startup.HostConfig deployWAR
INFO: Deploying web application archive /sites/geomedia/adonis/apache-tomcat-7.0.42/webapps/RSSAgregate.war
Feb 28, 2015 11:55:03 PM org.apache.catalina.startup.HostConfig deployWAR
INFO: Deploying web application archive /sites/geomedia/adonis/apache-tomcat-7.0.42/webapps/geotest.war
Feb 28, 2015 11:55:04 PM org.apache.catalina.startup.HostConfig deployWAR
INFO: Deploying web application archive /sites/geomedia/adonis/apache-tomcat-7.0.42/webapps/hellotest.war
Feb 28, 2015 11:55:04 PM org.apache.catalina.startup.HostConfig deployDirectory
INFO: Deploying web application directory /sites/geomedia/adonis/apache-tomcat-7.0.42/webapps/ROOT
Feb 28, 2015 11:55:04 PM org.apache.catalina.startup.HostConfig deployDirectory
INFO: Deploying web application directory /sites/geomedia/adonis/apache-tomcat-7.0.42/webapps/docs
Feb 28, 2015 11:55:04 PM org.apache.catalina.startup.HostConfig deployDirectory
INFO: Deploying web application directory /sites/geomedia/adonis/apache-tomcat-7.0.42/webapps/examples
Feb 28, 2015 11:55:05 PM org.apache.catalina.startup.HostConfig deployDirectory
INFO: Deploying web application directory /sites/geomedia/adonis/apache-tomcat-7.0.42/webapps/host-manager
Feb 28, 2015 11:55:05 PM org.apache.catalina.startup.HostConfig deployDirectory
INFO: Deploying web application directory /sites/geomedia/adonis/apache-tomcat-7.0.42/webapps/manager
Feb 28, 2015 11:55:05 PM org.apache.catalina.startup.HostConfig deployDirectory
INFO: Deploying web application directory /sites/geomedia/adonis/apache-tomcat-7.0.42/webapps/restarter
Feb 28, 2015 11:55:05 PM org.apache.coyote.AbstractProtocol start
INFO: Starting ProtocolHandler ["http-bio-12780"]
Feb 28, 2015 11:55:05 PM org.apache.coyote.AbstractProtocol start
INFO: Starting ProtocolHandler ["ajp-bio-12709"]
Feb 28, 2015 11:55:05 PM org.apache.catalina.startup.Catalina start
INFO: Server startup in 19352 ms
