Sep 14, 2015 7:28:00 AM org.apache.catalina.core.StandardServer await
INFO: A valid shutdown command was received via the shutdown port. Stopping the Server instance.
Sep 14, 2015 7:28:00 AM org.apache.coyote.AbstractProtocol pause
INFO: Pausing ProtocolHandler ["http-bio-12780"]
Sep 14, 2015 7:28:00 AM org.apache.coyote.AbstractProtocol pause
INFO: Pausing ProtocolHandler ["ajp-bio-12709"]
Sep 14, 2015 7:28:00 AM org.apache.catalina.core.StandardService stopInternal
INFO: Stopping service Catalina
Sep 14, 2015 7:28:01 AM org.apache.catalina.loader.WebappClassLoader clearReferencesThreads
SEVERE: The web application [/RSSAgregate] appears to have started a thread named [pool-11-thread-3] but has failed to stop it. This is very likely to create a memory leak.
Sep 14, 2015 7:28:01 AM org.apache.catalina.loader.WebappClassLoader clearReferencesThreads
SEVERE: The web application [/RSSAgregate] appears to have started a thread named [pool-4392-thread-1] but has failed to stop it. This is very likely to create a memory leak.
Sep 14, 2015 7:28:02 AM org.apache.coyote.AbstractProtocol stop
INFO: Stopping ProtocolHandler ["http-bio-12780"]
Sep 14, 2015 7:28:02 AM org.apache.coyote.AbstractProtocol stop
INFO: Stopping ProtocolHandler ["ajp-bio-12709"]
Sep 14, 2015 7:28:02 AM org.apache.coyote.AbstractProtocol destroy
INFO: Destroying ProtocolHandler ["http-bio-12780"]
Sep 14, 2015 7:28:02 AM org.apache.coyote.AbstractProtocol destroy
INFO: Destroying ProtocolHandler ["ajp-bio-12709"]
Sep 14, 2015 7:47:12 AM org.apache.catalina.core.AprLifecycleListener init
INFO: The APR based Apache Tomcat Native library which allows optimal performance in production environments was not found on the java.library.path: /usr/java/packages/lib/amd64:/usr/lib64:/lib64:/lib:/usr/lib
Sep 14, 2015 7:47:13 AM org.apache.coyote.AbstractProtocol init
INFO: Initializing ProtocolHandler ["http-bio-12780"]
Sep 14, 2015 7:47:13 AM org.apache.coyote.AbstractProtocol init
INFO: Initializing ProtocolHandler ["ajp-bio-12709"]
Sep 14, 2015 7:47:13 AM org.apache.catalina.startup.Catalina load
INFO: Initialization processed in 1813 ms
Sep 14, 2015 7:47:13 AM org.apache.catalina.core.StandardService startInternal
INFO: Starting service Catalina
Sep 14, 2015 7:47:13 AM org.apache.catalina.core.StandardEngine startInternal
INFO: Starting Servlet Engine: Apache Tomcat/7.0.42
Sep 14, 2015 7:47:13 AM org.apache.catalina.startup.HostConfig deployWAR
INFO: Deploying web application archive /sites/geomedia/resource/tomcat/apache-tomcat-7.0.42/webapps/HelloWorldDeployTest.war
Sep 14, 2015 7:57:26 AM org.apache.catalina.util.SessionIdGenerator createSecureRandom
INFO: Creation of SecureRandom instance for session ID generation using [SHA1PRNG] took [611,765] milliseconds.
Sep 14, 2015 7:57:26 AM org.apache.catalina.startup.HostConfig deployWAR
INFO: Deploying web application archive /sites/geomedia/resource/tomcat/apache-tomcat-7.0.42/webapps/RSSAgregate.war
Sep 14, 2015 7:57:46 AM org.apache.catalina.startup.HostConfig deployWAR
INFO: Deploying web application archive /sites/geomedia/resource/tomcat/apache-tomcat-7.0.42/webapps/geotest.war
Sep 14, 2015 7:57:47 AM org.apache.catalina.startup.HostConfig deployWAR
INFO: Deploying web application archive /sites/geomedia/resource/tomcat/apache-tomcat-7.0.42/webapps/hellotest.war
Sep 14, 2015 7:57:47 AM org.apache.catalina.startup.HostConfig deployDirectory
INFO: Deploying web application directory /sites/geomedia/resource/tomcat/apache-tomcat-7.0.42/webapps/ROOT
Sep 14, 2015 7:57:47 AM org.apache.catalina.startup.HostConfig deployDirectory
INFO: Deploying web application directory /sites/geomedia/resource/tomcat/apache-tomcat-7.0.42/webapps/docs
Sep 14, 2015 7:57:47 AM org.apache.catalina.startup.HostConfig deployDirectory
INFO: Deploying web application directory /sites/geomedia/resource/tomcat/apache-tomcat-7.0.42/webapps/examples
Sep 14, 2015 7:57:48 AM org.apache.catalina.startup.HostConfig deployDirectory
INFO: Deploying web application directory /sites/geomedia/resource/tomcat/apache-tomcat-7.0.42/webapps/host-manager
Sep 14, 2015 7:57:48 AM org.apache.catalina.startup.HostConfig deployDirectory
INFO: Deploying web application directory /sites/geomedia/resource/tomcat/apache-tomcat-7.0.42/webapps/manager
Sep 14, 2015 7:57:48 AM org.apache.catalina.startup.HostConfig deployDirectory
INFO: Deploying web application directory /sites/geomedia/resource/tomcat/apache-tomcat-7.0.42/webapps/restarter
Sep 14, 2015 7:57:48 AM org.apache.coyote.AbstractProtocol start
INFO: Starting ProtocolHandler ["http-bio-12780"]
Sep 14, 2015 7:57:48 AM org.apache.coyote.AbstractProtocol start
INFO: Starting ProtocolHandler ["ajp-bio-12709"]
Sep 14, 2015 7:57:48 AM org.apache.catalina.startup.Catalina start
INFO: Server startup in 634594 ms
Sep 14, 2015 10:57:18 AM org.apache.catalina.core.AprLifecycleListener init
INFO: The APR based Apache Tomcat Native library which allows optimal performance in production environments was not found on the java.library.path: /usr/java/packages/lib/amd64:/usr/lib64:/lib64:/lib:/usr/lib
Sep 14, 2015 10:57:19 AM org.apache.coyote.AbstractProtocol init
INFO: Initializing ProtocolHandler ["http-bio-12780"]
Sep 14, 2015 10:57:19 AM org.apache.coyote.AbstractProtocol init
INFO: Initializing ProtocolHandler ["ajp-bio-12709"]
Sep 14, 2015 10:57:19 AM org.apache.catalina.startup.Catalina load
INFO: Initialization processed in 1378 ms
Sep 14, 2015 10:57:19 AM org.apache.catalina.core.StandardService startInternal
INFO: Starting service Catalina
Sep 14, 2015 10:57:19 AM org.apache.catalina.core.StandardEngine startInternal
INFO: Starting Servlet Engine: Apache Tomcat/7.0.42
Sep 14, 2015 10:57:19 AM org.apache.catalina.startup.HostConfig deployWAR
INFO: Deploying web application archive /sites/geomedia/resource/tomcat/apache-tomcat-7.0.42/webapps/HelloWorldDeployTest.war
Sep 14, 2015 11:04:32 AM org.apache.catalina.util.SessionIdGenerator createSecureRandom
INFO: Creation of SecureRandom instance for session ID generation using [SHA1PRNG] took [431,849] milliseconds.
Sep 14, 2015 11:04:32 AM org.apache.catalina.startup.HostConfig deployWAR
INFO: Deploying web application archive /sites/geomedia/resource/tomcat/apache-tomcat-7.0.42/webapps/RSSAgregate.war
Sep 14, 2015 11:04:45 AM org.apache.catalina.startup.HostConfig deployWAR
INFO: Deploying web application archive /sites/geomedia/resource/tomcat/apache-tomcat-7.0.42/webapps/geotest.war
Sep 14, 2015 11:04:46 AM org.apache.catalina.startup.HostConfig deployWAR
INFO: Deploying web application archive /sites/geomedia/resource/tomcat/apache-tomcat-7.0.42/webapps/hellotest.war
Sep 14, 2015 11:04:46 AM org.apache.catalina.startup.HostConfig deployDirectory
INFO: Deploying web application directory /sites/geomedia/resource/tomcat/apache-tomcat-7.0.42/webapps/ROOT
Sep 14, 2015 11:04:46 AM org.apache.catalina.startup.HostConfig deployDirectory
INFO: Deploying web application directory /sites/geomedia/resource/tomcat/apache-tomcat-7.0.42/webapps/docs
Sep 14, 2015 11:04:46 AM org.apache.catalina.startup.HostConfig deployDirectory
INFO: Deploying web application directory /sites/geomedia/resource/tomcat/apache-tomcat-7.0.42/webapps/examples
Sep 14, 2015 11:04:47 AM org.apache.catalina.startup.HostConfig deployDirectory
INFO: Deploying web application directory /sites/geomedia/resource/tomcat/apache-tomcat-7.0.42/webapps/host-manager
Sep 14, 2015 11:04:47 AM org.apache.catalina.startup.HostConfig deployDirectory
INFO: Deploying web application directory /sites/geomedia/resource/tomcat/apache-tomcat-7.0.42/webapps/manager
Sep 14, 2015 11:04:47 AM org.apache.catalina.startup.HostConfig deployDirectory
INFO: Deploying web application directory /sites/geomedia/resource/tomcat/apache-tomcat-7.0.42/webapps/restarter
Sep 14, 2015 11:04:47 AM org.apache.coyote.AbstractProtocol start
INFO: Starting ProtocolHandler ["http-bio-12780"]
Sep 14, 2015 11:04:47 AM org.apache.coyote.AbstractProtocol start
INFO: Starting ProtocolHandler ["ajp-bio-12709"]
Sep 14, 2015 11:04:47 AM org.apache.catalina.startup.Catalina start
INFO: Server startup in 448527 ms
