Apr 12, 2015 11:16:05 PM org.apache.catalina.core.StandardServer await
INFO: A valid shutdown command was received via the shutdown port. Stopping the Server instance.
Apr 12, 2015 11:16:05 PM org.apache.coyote.AbstractProtocol pause
INFO: Pausing ProtocolHandler ["http-bio-12780"]
Apr 12, 2015 11:16:05 PM org.apache.coyote.AbstractProtocol pause
INFO: Pausing ProtocolHandler ["ajp-bio-12709"]
Apr 12, 2015 11:16:05 PM org.apache.catalina.core.StandardService stopInternal
INFO: Stopping service Catalina
Apr 12, 2015 11:16:05 PM org.apache.catalina.loader.WebappClassLoader clearReferencesThreads
SEVERE: The web application [/RSSAgregate] appears to have started a thread named [pool-11-thread-1] but has failed to stop it. This is very likely to create a memory leak.
Apr 12, 2015 11:16:05 PM org.apache.catalina.loader.WebappClassLoader clearReferencesThreads
SEVERE: The web application [/RSSAgregate] appears to have started a thread named [pool-11-thread-2] but has failed to stop it. This is very likely to create a memory leak.
Apr 12, 2015 11:16:05 PM org.apache.catalina.loader.WebappClassLoader clearReferencesThreads
SEVERE: The web application [/RSSAgregate] appears to have started a thread named [pool-299-thread-1] but has failed to stop it. This is very likely to create a memory leak.
Apr 12, 2015 11:16:05 PM org.apache.catalina.loader.WebappClassLoader clearReferencesThreads
SEVERE: The web application [/RSSAgregate] appears to have started a thread named [pool-41856-thread-1] but has failed to stop it. This is very likely to create a memory leak.
Apr 12, 2015 11:16:06 PM org.apache.coyote.AbstractProtocol stop
INFO: Stopping ProtocolHandler ["http-bio-12780"]
Apr 12, 2015 11:16:06 PM org.apache.coyote.AbstractProtocol stop
INFO: Stopping ProtocolHandler ["ajp-bio-12709"]
Apr 12, 2015 11:16:06 PM org.apache.coyote.AbstractProtocol destroy
INFO: Destroying ProtocolHandler ["http-bio-12780"]
Apr 12, 2015 11:16:06 PM org.apache.coyote.AbstractProtocol destroy
INFO: Destroying ProtocolHandler ["ajp-bio-12709"]
Apr 12, 2015 11:25:42 PM org.apache.catalina.core.AprLifecycleListener init
INFO: The APR based Apache Tomcat Native library which allows optimal performance in production environments was not found on the java.library.path: /usr/java/packages/lib/amd64:/usr/lib64:/lib64:/lib:/usr/lib
Apr 12, 2015 11:25:43 PM org.apache.coyote.AbstractProtocol init
INFO: Initializing ProtocolHandler ["http-bio-12780"]
Apr 12, 2015 11:25:43 PM org.apache.coyote.AbstractProtocol init
INFO: Initializing ProtocolHandler ["ajp-bio-12709"]
Apr 12, 2015 11:25:43 PM org.apache.catalina.startup.Catalina load
INFO: Initialization processed in 1472 ms
Apr 12, 2015 11:25:43 PM org.apache.catalina.core.StandardService startInternal
INFO: Starting service Catalina
Apr 12, 2015 11:25:43 PM org.apache.catalina.core.StandardEngine startInternal
INFO: Starting Servlet Engine: Apache Tomcat/7.0.42
Apr 12, 2015 11:25:43 PM org.apache.catalina.startup.HostConfig deployWAR
INFO: Deploying web application archive /sites/geomedia/adonis/apache-tomcat-7.0.42/webapps/HelloWorldDeployTest.war
Apr 12, 2015 11:35:30 PM org.apache.catalina.util.SessionIdGenerator createSecureRandom
INFO: Creation of SecureRandom instance for session ID generation using [SHA1PRNG] took [586,023] milliseconds.
Apr 12, 2015 11:35:30 PM org.apache.catalina.startup.HostConfig deployWAR
INFO: Deploying web application archive /sites/geomedia/adonis/apache-tomcat-7.0.42/webapps/RSSAgregate.war
Apr 12, 2015 11:35:48 PM org.apache.catalina.startup.HostConfig deployWAR
INFO: Deploying web application archive /sites/geomedia/adonis/apache-tomcat-7.0.42/webapps/geotest.war
Apr 12, 2015 11:35:49 PM org.apache.catalina.startup.HostConfig deployWAR
INFO: Deploying web application archive /sites/geomedia/adonis/apache-tomcat-7.0.42/webapps/hellotest.war
Apr 12, 2015 11:35:49 PM org.apache.catalina.startup.HostConfig deployDirectory
INFO: Deploying web application directory /sites/geomedia/adonis/apache-tomcat-7.0.42/webapps/ROOT
Apr 12, 2015 11:35:49 PM org.apache.catalina.startup.HostConfig deployDirectory
INFO: Deploying web application directory /sites/geomedia/adonis/apache-tomcat-7.0.42/webapps/docs
Apr 12, 2015 11:35:49 PM org.apache.catalina.startup.HostConfig deployDirectory
INFO: Deploying web application directory /sites/geomedia/adonis/apache-tomcat-7.0.42/webapps/examples
Apr 12, 2015 11:35:49 PM org.apache.catalina.startup.HostConfig deployDirectory
INFO: Deploying web application directory /sites/geomedia/adonis/apache-tomcat-7.0.42/webapps/host-manager
Apr 12, 2015 11:35:49 PM org.apache.catalina.startup.HostConfig deployDirectory
INFO: Deploying web application directory /sites/geomedia/adonis/apache-tomcat-7.0.42/webapps/manager
Apr 12, 2015 11:35:50 PM org.apache.catalina.startup.HostConfig deployDirectory
INFO: Deploying web application directory /sites/geomedia/adonis/apache-tomcat-7.0.42/webapps/restarter
Apr 12, 2015 11:35:50 PM org.apache.coyote.AbstractProtocol start
INFO: Starting ProtocolHandler ["http-bio-12780"]
Apr 12, 2015 11:35:50 PM org.apache.coyote.AbstractProtocol start
INFO: Starting ProtocolHandler ["ajp-bio-12709"]
Apr 12, 2015 11:35:50 PM org.apache.catalina.startup.Catalina start
INFO: Server startup in 606528 ms
