Sep 25, 2015 4:25:09 PM org.apache.catalina.core.StandardServer await
INFO: A valid shutdown command was received via the shutdown port. Stopping the Server instance.
Sep 25, 2015 4:25:09 PM org.apache.coyote.AbstractProtocol pause
INFO: Pausing ProtocolHandler ["http-bio-12780"]
Sep 25, 2015 4:25:09 PM org.apache.coyote.AbstractProtocol pause
INFO: Pausing ProtocolHandler ["ajp-bio-12709"]
Sep 25, 2015 4:25:09 PM org.apache.catalina.core.StandardService stopInternal
INFO: Stopping service Catalina
Sep 25, 2015 4:25:10 PM org.apache.catalina.loader.WebappClassLoader clearReferencesRmiTargets
INFO: Failed to find class sun.rmi.transport.Target to clear context class loader for web application [/manager]. This is expected on non-Sun JVMs.
java.lang.ClassNotFoundException: sun.rmi.transport.Target
	at java.net.URLClassLoader$1.run(URLClassLoader.java:366)
	at java.net.URLClassLoader$1.run(URLClassLoader.java:355)
	at java.security.AccessController.doPrivileged(Native Method)
	at java.net.URLClassLoader.findClass(URLClassLoader.java:354)
	at java.lang.ClassLoader.loadClass(ClassLoader.java:425)
	at java.lang.ClassLoader.loadClass(ClassLoader.java:358)
	at java.lang.Class.forName0(Native Method)
	at java.lang.Class.forName(Class.java:191)
	at org.apache.catalina.loader.WebappClassLoader.clearReferencesRmiTargets(WebappClassLoader.java:2633)
	at org.apache.catalina.loader.WebappClassLoader.clearReferences(WebappClassLoader.java:1999)
	at org.apache.catalina.loader.WebappClassLoader.stop(WebappClassLoader.java:1902)
	at org.apache.catalina.loader.WebappLoader.stopInternal(WebappLoader.java:662)
	at org.apache.catalina.util.LifecycleBase.stop(LifecycleBase.java:232)
	at org.apache.catalina.core.StandardContext.stopInternal(StandardContext.java:5669)
	at org.apache.catalina.util.LifecycleBase.stop(LifecycleBase.java:232)
	at org.apache.catalina.core.ContainerBase$StopChild.call(ContainerBase.java:1575)
	at org.apache.catalina.core.ContainerBase$StopChild.call(ContainerBase.java:1564)
	at java.util.concurrent.FutureTask.run(FutureTask.java:262)
	at java.util.concurrent.ThreadPoolExecutor.runWorker(ThreadPoolExecutor.java:1145)
	at java.util.concurrent.ThreadPoolExecutor$Worker.run(ThreadPoolExecutor.java:615)
	at java.lang.Thread.run(Thread.java:745)

Sep 25, 2015 4:25:10 PM org.apache.catalina.loader.WebappClassLoader clearReferencesRmiTargets
INFO: Failed to find class sun.rmi.transport.Target to clear context class loader for web application []. This is expected on non-Sun JVMs.
java.lang.ClassNotFoundException: sun.rmi.transport.Target
	at java.net.URLClassLoader$1.run(URLClassLoader.java:366)
	at java.net.URLClassLoader$1.run(URLClassLoader.java:355)
	at java.security.AccessController.doPrivileged(Native Method)
	at java.net.URLClassLoader.findClass(URLClassLoader.java:354)
	at java.lang.ClassLoader.loadClass(ClassLoader.java:425)
	at java.lang.ClassLoader.loadClass(ClassLoader.java:358)
	at java.lang.Class.forName0(Native Method)
	at java.lang.Class.forName(Class.java:191)
	at org.apache.catalina.loader.WebappClassLoader.clearReferencesRmiTargets(WebappClassLoader.java:2633)
	at org.apache.catalina.loader.WebappClassLoader.clearReferences(WebappClassLoader.java:1999)
	at org.apache.catalina.loader.WebappClassLoader.stop(WebappClassLoader.java:1902)
	at org.apache.catalina.loader.WebappLoader.stopInternal(WebappLoader.java:662)
	at org.apache.catalina.util.LifecycleBase.stop(LifecycleBase.java:232)
	at org.apache.catalina.core.StandardContext.stopInternal(StandardContext.java:5669)
	at org.apache.catalina.util.LifecycleBase.stop(LifecycleBase.java:232)
	at org.apache.catalina.core.ContainerBase$StopChild.call(ContainerBase.java:1575)
	at org.apache.catalina.core.ContainerBase$StopChild.call(ContainerBase.java:1564)
	at java.util.concurrent.FutureTask.run(FutureTask.java:262)
	at java.util.concurrent.ThreadPoolExecutor.runWorker(ThreadPoolExecutor.java:1145)
	at java.util.concurrent.ThreadPoolExecutor$Worker.run(ThreadPoolExecutor.java:615)
	at java.lang.Thread.run(Thread.java:745)

Sep 25, 2015 4:25:10 PM org.apache.catalina.loader.WebappClassLoader clearReferencesThreads
SEVERE: The web application [/RSSAgregate] appears to have started a thread named [pool-11-thread-1] but has failed to stop it. This is very likely to create a memory leak.
Sep 25, 2015 4:25:10 PM org.apache.catalina.loader.WebappClassLoader clearReferencesThreads
SEVERE: The web application [/RSSAgregate] appears to have started a thread named [pool-11-thread-4] but has failed to stop it. This is very likely to create a memory leak.
Sep 25, 2015 4:25:10 PM org.apache.catalina.loader.WebappClassLoader clearReferencesThreads
SEVERE: The web application [/RSSAgregate] appears to have started a thread named [pool-50511-thread-1] but has failed to stop it. This is very likely to create a memory leak.
Sep 25, 2015 4:25:10 PM org.apache.catalina.loader.WebappClassLoader clearReferencesThreads
SEVERE: The web application [/RSSAgregate] appears to have started a thread named [pool-59917-thread-1] but has failed to stop it. This is very likely to create a memory leak.
Sep 25, 2015 4:25:10 PM org.apache.catalina.loader.WebappClassLoader clearReferencesRmiTargets
INFO: Failed to find class sun.rmi.transport.Target to clear context class loader for web application [/RSSAgregate]. This is expected on non-Sun JVMs.
java.lang.ClassNotFoundException: sun.rmi.transport.Target
	at java.net.URLClassLoader$1.run(URLClassLoader.java:366)
	at java.net.URLClassLoader$1.run(URLClassLoader.java:355)
	at java.security.AccessController.doPrivileged(Native Method)
	at java.net.URLClassLoader.findClass(URLClassLoader.java:354)
	at java.lang.ClassLoader.loadClass(ClassLoader.java:425)
	at java.lang.ClassLoader.loadClass(ClassLoader.java:358)
	at java.lang.Class.forName0(Native Method)
	at java.lang.Class.forName(Class.java:191)
	at org.apache.catalina.loader.WebappClassLoader.clearReferencesRmiTargets(WebappClassLoader.java:2633)
	at org.apache.catalina.loader.WebappClassLoader.clearReferences(WebappClassLoader.java:1999)
	at org.apache.catalina.loader.WebappClassLoader.stop(WebappClassLoader.java:1902)
	at org.apache.catalina.loader.WebappLoader.stopInternal(WebappLoader.java:662)
	at org.apache.catalina.util.LifecycleBase.stop(LifecycleBase.java:232)
	at org.apache.catalina.core.StandardContext.stopInternal(StandardContext.java:5669)
	at org.apache.catalina.util.LifecycleBase.stop(LifecycleBase.java:232)
	at org.apache.catalina.core.ContainerBase$StopChild.call(ContainerBase.java:1575)
	at org.apache.catalina.core.ContainerBase$StopChild.call(ContainerBase.java:1564)
	at java.util.concurrent.FutureTask.run(FutureTask.java:262)
	at java.util.concurrent.ThreadPoolExecutor.runWorker(ThreadPoolExecutor.java:1145)
	at java.util.concurrent.ThreadPoolExecutor$Worker.run(ThreadPoolExecutor.java:615)
	at java.lang.Thread.run(Thread.java:745)

Sep 25, 2015 4:25:11 PM org.apache.catalina.loader.WebappClassLoader clearReferencesRmiTargets
INFO: Failed to find class sun.rmi.transport.Target to clear context class loader for web application [/docs]. This is expected on non-Sun JVMs.
java.lang.ClassNotFoundException: sun.rmi.transport.Target
	at java.net.URLClassLoader$1.run(URLClassLoader.java:366)
	at java.net.URLClassLoader$1.run(URLClassLoader.java:355)
	at java.security.AccessController.doPrivileged(Native Method)
	at java.net.URLClassLoader.findClass(URLClassLoader.java:354)
	at java.lang.ClassLoader.loadClass(ClassLoader.java:425)
	at java.lang.ClassLoader.loadClass(ClassLoader.java:358)
	at java.lang.Class.forName0(Native Method)
	at java.lang.Class.forName(Class.java:191)
	at org.apache.catalina.loader.WebappClassLoader.clearReferencesRmiTargets(WebappClassLoader.java:2633)
	at org.apache.catalina.loader.WebappClassLoader.clearReferences(WebappClassLoader.java:1999)
	at org.apache.catalina.loader.WebappClassLoader.stop(WebappClassLoader.java:1902)
	at org.apache.catalina.loader.WebappLoader.stopInternal(WebappLoader.java:662)
	at org.apache.catalina.util.LifecycleBase.stop(LifecycleBase.java:232)
	at org.apache.catalina.core.StandardContext.stopInternal(StandardContext.java:5669)
	at org.apache.catalina.util.LifecycleBase.stop(LifecycleBase.java:232)
	at org.apache.catalina.core.ContainerBase$StopChild.call(ContainerBase.java:1575)
	at org.apache.catalina.core.ContainerBase$StopChild.call(ContainerBase.java:1564)
	at java.util.concurrent.FutureTask.run(FutureTask.java:262)
	at java.util.concurrent.ThreadPoolExecutor.runWorker(ThreadPoolExecutor.java:1145)
	at java.util.concurrent.ThreadPoolExecutor$Worker.run(ThreadPoolExecutor.java:615)
	at java.lang.Thread.run(Thread.java:745)

Sep 25, 2015 4:25:11 PM org.apache.catalina.loader.WebappClassLoader clearReferencesRmiTargets
INFO: Failed to find class sun.rmi.transport.Target to clear context class loader for web application [/geotest]. This is expected on non-Sun JVMs.
java.lang.ClassNotFoundException: sun.rmi.transport.Target
	at java.net.URLClassLoader$1.run(URLClassLoader.java:366)
	at java.net.URLClassLoader$1.run(URLClassLoader.java:355)
	at java.security.AccessController.doPrivileged(Native Method)
	at java.net.URLClassLoader.findClass(URLClassLoader.java:354)
	at java.lang.ClassLoader.loadClass(ClassLoader.java:425)
	at java.lang.ClassLoader.loadClass(ClassLoader.java:358)
	at java.lang.Class.forName0(Native Method)
	at java.lang.Class.forName(Class.java:191)
	at org.apache.catalina.loader.WebappClassLoader.clearReferencesRmiTargets(WebappClassLoader.java:2633)
	at org.apache.catalina.loader.WebappClassLoader.clearReferences(WebappClassLoader.java:1999)
	at org.apache.catalina.loader.WebappClassLoader.stop(WebappClassLoader.java:1902)
	at org.apache.catalina.loader.WebappLoader.stopInternal(WebappLoader.java:662)
	at org.apache.catalina.util.LifecycleBase.stop(LifecycleBase.java:232)
	at org.apache.catalina.core.StandardContext.stopInternal(StandardContext.java:5669)
	at org.apache.catalina.util.LifecycleBase.stop(LifecycleBase.java:232)
	at org.apache.catalina.core.ContainerBase$StopChild.call(ContainerBase.java:1575)
	at org.apache.catalina.core.ContainerBase$StopChild.call(ContainerBase.java:1564)
	at java.util.concurrent.FutureTask.run(FutureTask.java:262)
	at java.util.concurrent.ThreadPoolExecutor.runWorker(ThreadPoolExecutor.java:1145)
	at java.util.concurrent.ThreadPoolExecutor$Worker.run(ThreadPoolExecutor.java:615)
	at java.lang.Thread.run(Thread.java:745)

Sep 25, 2015 4:25:11 PM org.apache.catalina.loader.WebappClassLoader clearReferencesRmiTargets
INFO: Failed to find class sun.rmi.transport.Target to clear context class loader for web application [/restarter]. This is expected on non-Sun JVMs.
java.lang.ClassNotFoundException: sun.rmi.transport.Target
	at java.net.URLClassLoader$1.run(URLClassLoader.java:366)
	at java.net.URLClassLoader$1.run(URLClassLoader.java:355)
	at java.security.AccessController.doPrivileged(Native Method)
	at java.net.URLClassLoader.findClass(URLClassLoader.java:354)
	at java.lang.ClassLoader.loadClass(ClassLoader.java:425)
	at java.lang.ClassLoader.loadClass(ClassLoader.java:358)
	at java.lang.Class.forName0(Native Method)
	at java.lang.Class.forName(Class.java:191)
	at org.apache.catalina.loader.WebappClassLoader.clearReferencesRmiTargets(WebappClassLoader.java:2633)
	at org.apache.catalina.loader.WebappClassLoader.clearReferences(WebappClassLoader.java:1999)
	at org.apache.catalina.loader.WebappClassLoader.stop(WebappClassLoader.java:1902)
	at org.apache.catalina.loader.WebappLoader.stopInternal(WebappLoader.java:662)
	at org.apache.catalina.util.LifecycleBase.stop(LifecycleBase.java:232)
	at org.apache.catalina.core.StandardContext.stopInternal(StandardContext.java:5669)
	at org.apache.catalina.util.LifecycleBase.stop(LifecycleBase.java:232)
	at org.apache.catalina.core.ContainerBase$StopChild.call(ContainerBase.java:1575)
	at org.apache.catalina.core.ContainerBase$StopChild.call(ContainerBase.java:1564)
	at java.util.concurrent.FutureTask.run(FutureTask.java:262)
	at java.util.concurrent.ThreadPoolExecutor.runWorker(ThreadPoolExecutor.java:1145)
	at java.util.concurrent.ThreadPoolExecutor$Worker.run(ThreadPoolExecutor.java:615)
	at java.lang.Thread.run(Thread.java:745)

Sep 25, 2015 4:25:11 PM org.apache.catalina.loader.WebappClassLoader clearReferencesRmiTargets
INFO: Failed to find class sun.rmi.transport.Target to clear context class loader for web application [/examples]. This is expected on non-Sun JVMs.
java.lang.ClassNotFoundException: sun.rmi.transport.Target
	at java.net.URLClassLoader$1.run(URLClassLoader.java:366)
	at java.net.URLClassLoader$1.run(URLClassLoader.java:355)
	at java.security.AccessController.doPrivileged(Native Method)
	at java.net.URLClassLoader.findClass(URLClassLoader.java:354)
	at java.lang.ClassLoader.loadClass(ClassLoader.java:425)
	at java.lang.ClassLoader.loadClass(ClassLoader.java:358)
	at java.lang.Class.forName0(Native Method)
	at java.lang.Class.forName(Class.java:191)
	at org.apache.catalina.loader.WebappClassLoader.clearReferencesRmiTargets(WebappClassLoader.java:2633)
	at org.apache.catalina.loader.WebappClassLoader.clearReferences(WebappClassLoader.java:1999)
	at org.apache.catalina.loader.WebappClassLoader.stop(WebappClassLoader.java:1902)
	at org.apache.catalina.loader.WebappLoader.stopInternal(WebappLoader.java:662)
	at org.apache.catalina.util.LifecycleBase.stop(LifecycleBase.java:232)
	at org.apache.catalina.core.StandardContext.stopInternal(StandardContext.java:5669)
	at org.apache.catalina.util.LifecycleBase.stop(LifecycleBase.java:232)
	at org.apache.catalina.core.ContainerBase$StopChild.call(ContainerBase.java:1575)
	at org.apache.catalina.core.ContainerBase$StopChild.call(ContainerBase.java:1564)
	at java.util.concurrent.FutureTask.run(FutureTask.java:262)
	at java.util.concurrent.ThreadPoolExecutor.runWorker(ThreadPoolExecutor.java:1145)
	at java.util.concurrent.ThreadPoolExecutor$Worker.run(ThreadPoolExecutor.java:615)
	at java.lang.Thread.run(Thread.java:745)

Sep 25, 2015 4:25:11 PM org.apache.catalina.loader.WebappClassLoader clearReferencesRmiTargets
INFO: Failed to find class sun.rmi.transport.Target to clear context class loader for web application [/host-manager]. This is expected on non-Sun JVMs.
java.lang.ClassNotFoundException: sun.rmi.transport.Target
	at java.net.URLClassLoader$1.run(URLClassLoader.java:366)
	at java.net.URLClassLoader$1.run(URLClassLoader.java:355)
	at java.security.AccessController.doPrivileged(Native Method)
	at java.net.URLClassLoader.findClass(URLClassLoader.java:354)
	at java.lang.ClassLoader.loadClass(ClassLoader.java:425)
	at java.lang.ClassLoader.loadClass(ClassLoader.java:358)
	at java.lang.Class.forName0(Native Method)
	at java.lang.Class.forName(Class.java:191)
	at org.apache.catalina.loader.WebappClassLoader.clearReferencesRmiTargets(WebappClassLoader.java:2633)
	at org.apache.catalina.loader.WebappClassLoader.clearReferences(WebappClassLoader.java:1999)
	at org.apache.catalina.loader.WebappClassLoader.stop(WebappClassLoader.java:1902)
	at org.apache.catalina.loader.WebappLoader.stopInternal(WebappLoader.java:662)
	at org.apache.catalina.util.LifecycleBase.stop(LifecycleBase.java:232)
	at org.apache.catalina.core.StandardContext.stopInternal(StandardContext.java:5669)
	at org.apache.catalina.util.LifecycleBase.stop(LifecycleBase.java:232)
	at org.apache.catalina.core.ContainerBase$StopChild.call(ContainerBase.java:1575)
	at org.apache.catalina.core.ContainerBase$StopChild.call(ContainerBase.java:1564)
	at java.util.concurrent.FutureTask.run(FutureTask.java:262)
	at java.util.concurrent.ThreadPoolExecutor.runWorker(ThreadPoolExecutor.java:1145)
	at java.util.concurrent.ThreadPoolExecutor$Worker.run(ThreadPoolExecutor.java:615)
	at java.lang.Thread.run(Thread.java:745)

Sep 25, 2015 4:25:11 PM org.apache.catalina.loader.WebappClassLoader clearReferencesRmiTargets
INFO: Failed to find class sun.rmi.transport.Target to clear context class loader for web application [/HelloWorldDeployTest]. This is expected on non-Sun JVMs.
java.lang.ClassNotFoundException: sun.rmi.transport.Target
	at java.net.URLClassLoader$1.run(URLClassLoader.java:366)
	at java.net.URLClassLoader$1.run(URLClassLoader.java:355)
	at java.security.AccessController.doPrivileged(Native Method)
	at java.net.URLClassLoader.findClass(URLClassLoader.java:354)
	at java.lang.ClassLoader.loadClass(ClassLoader.java:425)
	at java.lang.ClassLoader.loadClass(ClassLoader.java:358)
	at java.lang.Class.forName0(Native Method)
	at java.lang.Class.forName(Class.java:191)
	at org.apache.catalina.loader.WebappClassLoader.clearReferencesRmiTargets(WebappClassLoader.java:2633)
	at org.apache.catalina.loader.WebappClassLoader.clearReferences(WebappClassLoader.java:1999)
	at org.apache.catalina.loader.WebappClassLoader.stop(WebappClassLoader.java:1902)
	at org.apache.catalina.loader.WebappLoader.stopInternal(WebappLoader.java:662)
	at org.apache.catalina.util.LifecycleBase.stop(LifecycleBase.java:232)
	at org.apache.catalina.core.StandardContext.stopInternal(StandardContext.java:5669)
	at org.apache.catalina.util.LifecycleBase.stop(LifecycleBase.java:232)
	at org.apache.catalina.core.ContainerBase$StopChild.call(ContainerBase.java:1575)
	at org.apache.catalina.core.ContainerBase$StopChild.call(ContainerBase.java:1564)
	at java.util.concurrent.FutureTask.run(FutureTask.java:262)
	at java.util.concurrent.ThreadPoolExecutor.runWorker(ThreadPoolExecutor.java:1145)
	at java.util.concurrent.ThreadPoolExecutor$Worker.run(ThreadPoolExecutor.java:615)
	at java.lang.Thread.run(Thread.java:745)

Sep 25, 2015 4:25:11 PM org.apache.catalina.loader.WebappClassLoader clearReferencesRmiTargets
INFO: Failed to find class sun.rmi.transport.Target to clear context class loader for web application [/hellotest]. This is expected on non-Sun JVMs.
java.lang.ClassNotFoundException: sun.rmi.transport.Target
	at java.net.URLClassLoader$1.run(URLClassLoader.java:366)
	at java.net.URLClassLoader$1.run(URLClassLoader.java:355)
	at java.security.AccessController.doPrivileged(Native Method)
	at java.net.URLClassLoader.findClass(URLClassLoader.java:354)
	at java.lang.ClassLoader.loadClass(ClassLoader.java:425)
	at java.lang.ClassLoader.loadClass(ClassLoader.java:358)
	at java.lang.Class.forName0(Native Method)
	at java.lang.Class.forName(Class.java:191)
	at org.apache.catalina.loader.WebappClassLoader.clearReferencesRmiTargets(WebappClassLoader.java:2633)
	at org.apache.catalina.loader.WebappClassLoader.clearReferences(WebappClassLoader.java:1999)
	at org.apache.catalina.loader.WebappClassLoader.stop(WebappClassLoader.java:1902)
	at org.apache.catalina.loader.WebappLoader.stopInternal(WebappLoader.java:662)
	at org.apache.catalina.util.LifecycleBase.stop(LifecycleBase.java:232)
	at org.apache.catalina.core.StandardContext.stopInternal(StandardContext.java:5669)
	at org.apache.catalina.util.LifecycleBase.stop(LifecycleBase.java:232)
	at org.apache.catalina.core.ContainerBase$StopChild.call(ContainerBase.java:1575)
	at org.apache.catalina.core.ContainerBase$StopChild.call(ContainerBase.java:1564)
	at java.util.concurrent.FutureTask.run(FutureTask.java:262)
	at java.util.concurrent.ThreadPoolExecutor.runWorker(ThreadPoolExecutor.java:1145)
	at java.util.concurrent.ThreadPoolExecutor$Worker.run(ThreadPoolExecutor.java:615)
	at java.lang.Thread.run(Thread.java:745)

Sep 25, 2015 4:25:11 PM org.apache.coyote.AbstractProtocol stop
INFO: Stopping ProtocolHandler ["http-bio-12780"]
Sep 25, 2015 4:25:11 PM org.apache.coyote.AbstractProtocol stop
INFO: Stopping ProtocolHandler ["ajp-bio-12709"]
Sep 25, 2015 4:25:11 PM org.apache.coyote.AbstractProtocol destroy
INFO: Destroying ProtocolHandler ["http-bio-12780"]
Sep 25, 2015 4:25:11 PM org.apache.coyote.AbstractProtocol destroy
INFO: Destroying ProtocolHandler ["ajp-bio-12709"]
Sep 25, 2015 4:25:11 PM org.apache.catalina.startup.Catalina stop
SEVERE: Catalina.stop
org.apache.catalina.LifecycleException: Failed to destroy component [StandardServer[12705]]
	at org.apache.catalina.util.LifecycleBase.destroy(LifecycleBase.java:309)
	at org.apache.catalina.startup.Catalina.stop(Catalina.java:765)
	at org.apache.catalina.startup.Catalina.start(Catalina.java:726)
	at sun.reflect.NativeMethodAccessorImpl.invoke0(Native Method)
	at sun.reflect.NativeMethodAccessorImpl.invoke(NativeMethodAccessorImpl.java:57)
	at sun.reflect.DelegatingMethodAccessorImpl.invoke(DelegatingMethodAccessorImpl.java:43)
	at java.lang.reflect.Method.invoke(Method.java:606)
	at org.apache.catalina.startup.Bootstrap.start(Bootstrap.java:322)
	at org.apache.catalina.startup.Bootstrap.main(Bootstrap.java:456)
Caused by: org.apache.catalina.LifecycleException: Failed to destroy component [org.apache.catalina.deploy.NamingResources@755da425]
	at org.apache.catalina.util.LifecycleBase.destroy(LifecycleBase.java:309)
	at org.apache.catalina.core.StandardServer.destroyInternal(StandardServer.java:825)
	at org.apache.catalina.util.LifecycleBase.destroy(LifecycleBase.java:305)
	... 8 more
Caused by: java.lang.NoClassDefFoundError: com/sun/jmx/mbeanserver/Repository$ObjectNamePattern
	at com.sun.jmx.mbeanserver.Repository.query(Repository.java:550)
	at com.sun.jmx.interceptor.DefaultMBeanServerInterceptor.queryNamesImpl(DefaultMBeanServerInterceptor.java:562)
	at com.sun.jmx.interceptor.DefaultMBeanServerInterceptor.queryNames(DefaultMBeanServerInterceptor.java:554)
	at com.sun.jmx.mbeanserver.JmxMBeanServer.queryNames(JmxMBeanServer.java:619)
	at org.apache.catalina.mbeans.MBeanUtils.destroyMBeanUserDatabase(MBeanUtils.java:1597)
	at org.apache.catalina.mbeans.MBeanUtils.destroyMBean(MBeanUtils.java:1207)
	at org.apache.catalina.deploy.NamingResources.destroyInternal(NamingResources.java:1084)
	at org.apache.catalina.util.LifecycleBase.destroy(LifecycleBase.java:305)
	... 10 more

Sep 25, 2015 4:28:41 PM org.apache.catalina.core.AprLifecycleListener init
INFO: The APR based Apache Tomcat Native library which allows optimal performance in production environments was not found on the java.library.path: /usr/java/packages/lib/amd64:/usr/lib64:/lib64:/lib:/usr/lib
Sep 25, 2015 4:28:42 PM org.apache.coyote.AbstractProtocol init
INFO: Initializing ProtocolHandler ["http-bio-12780"]
Sep 25, 2015 4:28:42 PM org.apache.coyote.AbstractProtocol init
INFO: Initializing ProtocolHandler ["ajp-bio-12709"]
Sep 25, 2015 4:28:42 PM org.apache.catalina.startup.Catalina load
INFO: Initialization processed in 1378 ms
Sep 25, 2015 4:28:42 PM org.apache.catalina.core.StandardService startInternal
INFO: Starting service Catalina
Sep 25, 2015 4:28:42 PM org.apache.catalina.core.StandardEngine startInternal
INFO: Starting Servlet Engine: Apache Tomcat/7.0.42
Sep 25, 2015 4:28:42 PM org.apache.catalina.startup.HostConfig deployWAR
INFO: Deploying web application archive /sites/geomedia/resource/tomcat/apache-tomcat-7.0.42/webapps/HelloWorldDeployTest.war
Sep 25, 2015 4:29:36 PM org.apache.catalina.util.SessionIdGenerator createSecureRandom
INFO: Creation of SecureRandom instance for session ID generation using [SHA1PRNG] took [53,362] milliseconds.
Sep 25, 2015 4:29:37 PM org.apache.catalina.startup.HostConfig deployWAR
INFO: Deploying web application archive /sites/geomedia/resource/tomcat/apache-tomcat-7.0.42/webapps/RSSAgregate.war
Sep 25, 2015 4:29:56 PM org.apache.catalina.startup.HostConfig deployWAR
INFO: Deploying web application archive /sites/geomedia/resource/tomcat/apache-tomcat-7.0.42/webapps/geotest.war
Sep 25, 2015 4:29:58 PM org.apache.catalina.startup.HostConfig deployWAR
INFO: Deploying web application archive /sites/geomedia/resource/tomcat/apache-tomcat-7.0.42/webapps/hellotest.war
Sep 25, 2015 4:29:58 PM org.apache.catalina.startup.HostConfig deployDirectory
INFO: Deploying web application directory /sites/geomedia/resource/tomcat/apache-tomcat-7.0.42/webapps/ROOT
Sep 25, 2015 4:29:58 PM org.apache.catalina.startup.HostConfig deployDirectory
INFO: Deploying web application directory /sites/geomedia/resource/tomcat/apache-tomcat-7.0.42/webapps/docs
Sep 25, 2015 4:29:58 PM org.apache.catalina.startup.HostConfig deployDirectory
INFO: Deploying web application directory /sites/geomedia/resource/tomcat/apache-tomcat-7.0.42/webapps/examples
Sep 25, 2015 4:29:58 PM org.apache.catalina.startup.HostConfig deployDirectory
INFO: Deploying web application directory /sites/geomedia/resource/tomcat/apache-tomcat-7.0.42/webapps/host-manager
Sep 25, 2015 4:29:58 PM org.apache.catalina.startup.HostConfig deployDirectory
INFO: Deploying web application directory /sites/geomedia/resource/tomcat/apache-tomcat-7.0.42/webapps/manager
Sep 25, 2015 4:29:58 PM org.apache.catalina.startup.HostConfig deployDirectory
INFO: Deploying web application directory /sites/geomedia/resource/tomcat/apache-tomcat-7.0.42/webapps/restarter
Sep 25, 2015 4:29:59 PM org.apache.coyote.AbstractProtocol start
INFO: Starting ProtocolHandler ["http-bio-12780"]
Sep 25, 2015 4:29:59 PM org.apache.coyote.AbstractProtocol start
INFO: Starting ProtocolHandler ["ajp-bio-12709"]
Sep 25, 2015 4:29:59 PM org.apache.catalina.startup.Catalina start
INFO: Server startup in 76493 ms
