Jun 05, 2015 9:40:29 PM org.apache.catalina.core.StandardServer await
INFO: A valid shutdown command was received via the shutdown port. Stopping the Server instance.
Jun 05, 2015 9:40:30 PM org.apache.coyote.AbstractProtocol pause
INFO: Pausing ProtocolHandler ["http-bio-12780"]
Jun 05, 2015 9:40:30 PM org.apache.coyote.AbstractProtocol pause
INFO: Pausing ProtocolHandler ["ajp-bio-12709"]
Jun 05, 2015 9:40:30 PM org.apache.catalina.core.StandardService stopInternal
INFO: Stopping service Catalina
Jun 05, 2015 9:40:31 PM org.apache.coyote.AbstractProtocol stop
INFO: Stopping ProtocolHandler ["http-bio-12780"]
Jun 05, 2015 9:40:31 PM org.apache.coyote.AbstractProtocol stop
INFO: Stopping ProtocolHandler ["ajp-bio-12709"]
Jun 05, 2015 9:40:31 PM org.apache.coyote.AbstractProtocol destroy
INFO: Destroying ProtocolHandler ["http-bio-12780"]
Jun 05, 2015 9:40:31 PM org.apache.coyote.AbstractProtocol destroy
INFO: Destroying ProtocolHandler ["ajp-bio-12709"]
Jun 05, 2015 9:48:09 PM org.apache.catalina.core.AprLifecycleListener init
INFO: The APR based Apache Tomcat Native library which allows optimal performance in production environments was not found on the java.library.path: /usr/java/packages/lib/amd64:/usr/lib64:/lib64:/lib:/usr/lib
Jun 05, 2015 9:48:10 PM org.apache.coyote.AbstractProtocol init
INFO: Initializing ProtocolHandler ["http-bio-12780"]
Jun 05, 2015 9:48:10 PM org.apache.coyote.AbstractProtocol init
INFO: Initializing ProtocolHandler ["ajp-bio-12709"]
Jun 05, 2015 9:48:10 PM org.apache.catalina.startup.Catalina load
INFO: Initialization processed in 1963 ms
Jun 05, 2015 9:48:10 PM org.apache.catalina.core.StandardService startInternal
INFO: Starting service Catalina
Jun 05, 2015 9:48:10 PM org.apache.catalina.core.StandardEngine startInternal
INFO: Starting Servlet Engine: Apache Tomcat/7.0.42
Jun 05, 2015 9:48:10 PM org.apache.catalina.startup.HostConfig deployWAR
INFO: Deploying web application archive /sites/geomedia/adonis/apache-tomcat-7.0.42/webapps/HelloWorldDeployTest.war
Jun 05, 2015 9:55:41 PM org.apache.catalina.util.SessionIdGenerator createSecureRandom
INFO: Creation of SecureRandom instance for session ID generation using [SHA1PRNG] took [449,434] milliseconds.
Jun 05, 2015 9:55:41 PM org.apache.catalina.startup.HostConfig deployWAR
INFO: Deploying web application archive /sites/geomedia/adonis/apache-tomcat-7.0.42/webapps/RSSAgregate.war
Jun 05, 2015 9:56:02 PM org.apache.catalina.startup.HostConfig deployWAR
INFO: Deploying web application archive /sites/geomedia/adonis/apache-tomcat-7.0.42/webapps/geotest.war
Jun 05, 2015 9:56:04 PM org.apache.catalina.startup.HostConfig deployWAR
INFO: Deploying web application archive /sites/geomedia/adonis/apache-tomcat-7.0.42/webapps/hellotest.war
Jun 05, 2015 9:56:04 PM org.apache.catalina.startup.HostConfig deployDirectory
INFO: Deploying web application directory /sites/geomedia/adonis/apache-tomcat-7.0.42/webapps/ROOT
Jun 05, 2015 9:56:04 PM org.apache.catalina.startup.HostConfig deployDirectory
INFO: Deploying web application directory /sites/geomedia/adonis/apache-tomcat-7.0.42/webapps/docs
Jun 05, 2015 9:56:04 PM org.apache.catalina.startup.HostConfig deployDirectory
INFO: Deploying web application directory /sites/geomedia/adonis/apache-tomcat-7.0.42/webapps/examples
Jun 05, 2015 9:56:04 PM org.apache.catalina.startup.HostConfig deployDirectory
INFO: Deploying web application directory /sites/geomedia/adonis/apache-tomcat-7.0.42/webapps/host-manager
Jun 05, 2015 9:56:04 PM org.apache.catalina.startup.HostConfig deployDirectory
INFO: Deploying web application directory /sites/geomedia/adonis/apache-tomcat-7.0.42/webapps/manager
Jun 05, 2015 9:56:04 PM org.apache.catalina.startup.HostConfig deployDirectory
INFO: Deploying web application directory /sites/geomedia/adonis/apache-tomcat-7.0.42/webapps/restarter
Jun 05, 2015 9:56:04 PM org.apache.coyote.AbstractProtocol start
INFO: Starting ProtocolHandler ["http-bio-12780"]
Jun 05, 2015 9:56:04 PM org.apache.coyote.AbstractProtocol start
INFO: Starting ProtocolHandler ["ajp-bio-12709"]
Jun 05, 2015 9:56:04 PM org.apache.catalina.startup.Catalina start
INFO: Server startup in 474489 ms
