Aug 15, 2015 9:15:56 PM rssagregator.servlet.ItemSrvl processRequest
SEVERE: null
javax.persistence.PersistenceException: Exception [EclipseLink-4002] (Eclipse Persistence Services - 2.5.0.v20130507-3faac2b): org.eclipse.persistence.exceptions.DatabaseException
Internal Exception: org.postgresql.util.PSQLException: ERREUR: erreur de syntaxe sur ou près de « ) »
  Position: 217
Error Code: 0
Call: SELECT DISTINCT t1.ID, t1.categorie, t1.contenu, t1.datePub, t1.dateRecup, t1.description, t1.guid, t1.hashContenu, t1.imported, t1.link, t1.MODIFIED, t1.titre FROM flux t0, item_flux t2, item t1 WHERE ((((t0.ID IN ()) AND (t1.dateRecup > ?)) AND (t1.dateRecup < ?)) AND ((t2.item_ID = t1.ID) AND (t0.ID = t2.listFlux_ID)))
	bind => [2 parameters bound]
Query: ReadAllQuery(referenceClass=Item sql="SELECT DISTINCT t1.ID, t1.categorie, t1.contenu, t1.datePub, t1.dateRecup, t1.description, t1.guid, t1.hashContenu, t1.imported, t1.link, t1.MODIFIED, t1.titre FROM flux t0, item_flux t2, item t1 WHERE ((((t0.ID IN ()) AND (t1.dateRecup > ?)) AND (t1.dateRecup < ?)) AND ((t2.item_ID = t1.ID) AND (t0.ID = t2.listFlux_ID)))")
	at org.eclipse.persistence.internal.jpa.QueryImpl.getDetailedException(QueryImpl.java:377)
	at org.eclipse.persistence.internal.jpa.QueryImpl.executeReadQuery(QueryImpl.java:260)
	at org.eclipse.persistence.internal.jpa.QueryImpl.getResultList(QueryImpl.java:468)
	at rssagregator.dao.AbstrDao.findCriteria(AbstrDao.java:255)
	at rssagregator.servlet.ItemSrvl.processRequest(ItemSrvl.java:371)
	at rssagregator.servlet.ItemSrvl.doPost(ItemSrvl.java:502)
	at javax.servlet.http.HttpServlet.service(HttpServlet.java:647)
	at javax.servlet.http.HttpServlet.service(HttpServlet.java:728)
	at org.apache.catalina.core.ApplicationFilterChain.internalDoFilter(ApplicationFilterChain.java:305)
	at org.apache.catalina.core.ApplicationFilterChain.doFilter(ApplicationFilterChain.java:210)
	at rssagregator.servlet.FilterIdent.doFilter(FilterIdent.java:65)
	at org.apache.catalina.core.ApplicationFilterChain.internalDoFilter(ApplicationFilterChain.java:243)
	at org.apache.catalina.core.ApplicationFilterChain.doFilter(ApplicationFilterChain.java:210)
	at org.apache.catalina.core.StandardWrapperValve.invoke(StandardWrapperValve.java:222)
	at org.apache.catalina.core.StandardContextValve.invoke(StandardContextValve.java:123)
	at org.apache.catalina.authenticator.AuthenticatorBase.invoke(AuthenticatorBase.java:502)
	at org.apache.catalina.core.StandardHostValve.invoke(StandardHostValve.java:171)
	at org.apache.catalina.valves.ErrorReportValve.invoke(ErrorReportValve.java:99)
	at org.apache.catalina.valves.AccessLogValve.invoke(AccessLogValve.java:953)
	at org.apache.catalina.core.StandardEngineValve.invoke(StandardEngineValve.java:118)
	at org.apache.catalina.connector.CoyoteAdapter.service(CoyoteAdapter.java:408)
	at org.apache.coyote.ajp.AjpProcessor.process(AjpProcessor.java:200)
	at org.apache.coyote.AbstractProtocol$AbstractConnectionHandler.process(AbstractProtocol.java:589)
	at org.apache.tomcat.util.net.JIoEndpoint$SocketProcessor.run(JIoEndpoint.java:310)
	at java.util.concurrent.ThreadPoolExecutor.runWorker(ThreadPoolExecutor.java:1145)
	at java.util.concurrent.ThreadPoolExecutor$Worker.run(ThreadPoolExecutor.java:615)
	at java.lang.Thread.run(Thread.java:745)
Caused by: Exception [EclipseLink-4002] (Eclipse Persistence Services - 2.5.0.v20130507-3faac2b): org.eclipse.persistence.exceptions.DatabaseException
Internal Exception: org.postgresql.util.PSQLException: ERREUR: erreur de syntaxe sur ou près de « ) »
  Position: 217
Error Code: 0
Call: SELECT DISTINCT t1.ID, t1.categorie, t1.contenu, t1.datePub, t1.dateRecup, t1.description, t1.guid, t1.hashContenu, t1.imported, t1.link, t1.MODIFIED, t1.titre FROM flux t0, item_flux t2, item t1 WHERE ((((t0.ID IN ()) AND (t1.dateRecup > ?)) AND (t1.dateRecup < ?)) AND ((t2.item_ID = t1.ID) AND (t0.ID = t2.listFlux_ID)))
	bind => [2 parameters bound]
Query: ReadAllQuery(referenceClass=Item sql="SELECT DISTINCT t1.ID, t1.categorie, t1.contenu, t1.datePub, t1.dateRecup, t1.description, t1.guid, t1.hashContenu, t1.imported, t1.link, t1.MODIFIED, t1.titre FROM flux t0, item_flux t2, item t1 WHERE ((((t0.ID IN ()) AND (t1.dateRecup > ?)) AND (t1.dateRecup < ?)) AND ((t2.item_ID = t1.ID) AND (t0.ID = t2.listFlux_ID)))")
	at org.eclipse.persistence.exceptions.DatabaseException.sqlException(DatabaseException.java:340)
	at org.eclipse.persistence.internal.databaseaccess.DatabaseAccessor.basicExecuteCall(DatabaseAccessor.java:679)
	at org.eclipse.persistence.internal.databaseaccess.DatabaseAccessor.executeCall(DatabaseAccessor.java:558)
	at org.eclipse.persistence.internal.sessions.AbstractSession.basicExecuteCall(AbstractSession.java:1995)
	at org.eclipse.persistence.sessions.server.ServerSession.executeCall(ServerSession.java:570)
	at org.eclipse.persistence.sessions.server.ClientSession.executeCall(ClientSession.java:248)
	at org.eclipse.persistence.internal.queries.DatasourceCallQueryMechanism.executeCall(DatasourceCallQueryMechanism.java:242)
	at org.eclipse.persistence.internal.queries.DatasourceCallQueryMechanism.executeCall(DatasourceCallQueryMechanism.java:228)
	at org.eclipse.persistence.internal.queries.DatasourceCallQueryMechanism.executeSelectCall(DatasourceCallQueryMechanism.java:299)
	at org.eclipse.persistence.internal.queries.DatasourceCallQueryMechanism.selectAllRows(DatasourceCallQueryMechanism.java:694)
	at org.eclipse.persistence.internal.queries.ExpressionQueryMechanism.selectAllRowsFromTable(ExpressionQueryMechanism.java:2714)
	at org.eclipse.persistence.internal.queries.ExpressionQueryMechanism.selectAllRows(ExpressionQueryMechanism.java:2667)
	at org.eclipse.persistence.queries.ReadAllQuery.executeObjectLevelReadQuery(ReadAllQuery.java:477)
	at org.eclipse.persistence.queries.ObjectLevelReadQuery.executeDatabaseQuery(ObjectLevelReadQuery.java:1155)
	at org.eclipse.persistence.queries.DatabaseQuery.execute(DatabaseQuery.java:899)
	at org.eclipse.persistence.queries.ObjectLevelReadQuery.execute(ObjectLevelReadQuery.java:1114)
	at org.eclipse.persistence.queries.ReadAllQuery.execute(ReadAllQuery.java:402)
	at org.eclipse.persistence.queries.ObjectLevelReadQuery.executeInUnitOfWork(ObjectLevelReadQuery.java:1202)
	at org.eclipse.persistence.internal.sessions.UnitOfWorkImpl.internalExecuteQuery(UnitOfWorkImpl.java:2894)
	at org.eclipse.persistence.internal.sessions.AbstractSession.executeQuery(AbstractSession.java:1797)
	at org.eclipse.persistence.internal.sessions.AbstractSession.executeQuery(AbstractSession.java:1779)
	at org.eclipse.persistence.internal.sessions.AbstractSession.executeQuery(AbstractSession.java:1744)
	at org.eclipse.persistence.internal.jpa.QueryImpl.executeReadQuery(QueryImpl.java:258)
	... 25 more
Caused by: org.postgresql.util.PSQLException: ERREUR: erreur de syntaxe sur ou près de « ) »
  Position: 217
	at org.postgresql.core.v3.QueryExecutorImpl.receiveErrorResponse(QueryExecutorImpl.java:2198)
	at org.postgresql.core.v3.QueryExecutorImpl.processResults(QueryExecutorImpl.java:1927)
	at org.postgresql.core.v3.QueryExecutorImpl.execute(QueryExecutorImpl.java:255)
	at org.postgresql.jdbc2.AbstractJdbc2Statement.execute(AbstractJdbc2Statement.java:562)
	at org.postgresql.jdbc2.AbstractJdbc2Statement.executeWithFlags(AbstractJdbc2Statement.java:420)
	at org.postgresql.jdbc2.AbstractJdbc2Statement.executeQuery(AbstractJdbc2Statement.java:305)
	at org.eclipse.persistence.internal.databaseaccess.DatabaseAccessor.executeSelect(DatabaseAccessor.java:1002)
	at org.eclipse.persistence.internal.databaseaccess.DatabaseAccessor.basicExecuteCall(DatabaseAccessor.java:641)
	... 46 more

Aug 15, 2015 9:15:56 PM rssagregator.servlet.ItemSrvl processRequest
SEVERE: null
javax.persistence.PersistenceException: Exception [EclipseLink-4002] (Eclipse Persistence Services - 2.5.0.v20130507-3faac2b): org.eclipse.persistence.exceptions.DatabaseException
Internal Exception: org.postgresql.util.PSQLException: ERREUR: erreur de syntaxe sur ou près de « ) »
  Position: 217
Error Code: 0
Call: SELECT DISTINCT t1.ID, t1.categorie, t1.contenu, t1.datePub, t1.dateRecup, t1.description, t1.guid, t1.hashContenu, t1.imported, t1.link, t1.MODIFIED, t1.titre FROM flux t0, item_flux t2, item t1 WHERE ((((t0.ID IN ()) AND (t1.dateRecup > ?)) AND (t1.dateRecup < ?)) AND ((t2.item_ID = t1.ID) AND (t0.ID = t2.listFlux_ID)))
	bind => [2 parameters bound]
Query: ReadAllQuery(referenceClass=Item sql="SELECT DISTINCT t1.ID, t1.categorie, t1.contenu, t1.datePub, t1.dateRecup, t1.description, t1.guid, t1.hashContenu, t1.imported, t1.link, t1.MODIFIED, t1.titre FROM flux t0, item_flux t2, item t1 WHERE ((((t0.ID IN ()) AND (t1.dateRecup > ?)) AND (t1.dateRecup < ?)) AND ((t2.item_ID = t1.ID) AND (t0.ID = t2.listFlux_ID)))")
	at org.eclipse.persistence.internal.jpa.QueryImpl.getDetailedException(QueryImpl.java:377)
	at org.eclipse.persistence.internal.jpa.QueryImpl.executeReadQuery(QueryImpl.java:260)
	at org.eclipse.persistence.internal.jpa.QueryImpl.getResultList(QueryImpl.java:468)
	at rssagregator.dao.AbstrDao.findCriteria(AbstrDao.java:255)
	at rssagregator.servlet.ItemSrvl.processRequest(ItemSrvl.java:371)
	at rssagregator.servlet.ItemSrvl.doPost(ItemSrvl.java:502)
	at javax.servlet.http.HttpServlet.service(HttpServlet.java:647)
	at javax.servlet.http.HttpServlet.service(HttpServlet.java:728)
	at org.apache.catalina.core.ApplicationFilterChain.internalDoFilter(ApplicationFilterChain.java:305)
	at org.apache.catalina.core.ApplicationFilterChain.doFilter(ApplicationFilterChain.java:210)
	at rssagregator.servlet.FilterIdent.doFilter(FilterIdent.java:65)
	at org.apache.catalina.core.ApplicationFilterChain.internalDoFilter(ApplicationFilterChain.java:243)
	at org.apache.catalina.core.ApplicationFilterChain.doFilter(ApplicationFilterChain.java:210)
	at org.apache.catalina.core.StandardWrapperValve.invoke(StandardWrapperValve.java:222)
	at org.apache.catalina.core.StandardContextValve.invoke(StandardContextValve.java:123)
	at org.apache.catalina.authenticator.AuthenticatorBase.invoke(AuthenticatorBase.java:502)
	at org.apache.catalina.core.StandardHostValve.invoke(StandardHostValve.java:171)
	at org.apache.catalina.valves.ErrorReportValve.invoke(ErrorReportValve.java:99)
	at org.apache.catalina.valves.AccessLogValve.invoke(AccessLogValve.java:953)
	at org.apache.catalina.core.StandardEngineValve.invoke(StandardEngineValve.java:118)
	at org.apache.catalina.connector.CoyoteAdapter.service(CoyoteAdapter.java:408)
	at org.apache.coyote.ajp.AjpProcessor.process(AjpProcessor.java:200)
	at org.apache.coyote.AbstractProtocol$AbstractConnectionHandler.process(AbstractProtocol.java:589)
	at org.apache.tomcat.util.net.JIoEndpoint$SocketProcessor.run(JIoEndpoint.java:310)
	at java.util.concurrent.ThreadPoolExecutor.runWorker(ThreadPoolExecutor.java:1145)
	at java.util.concurrent.ThreadPoolExecutor$Worker.run(ThreadPoolExecutor.java:615)
	at java.lang.Thread.run(Thread.java:745)
Caused by: Exception [EclipseLink-4002] (Eclipse Persistence Services - 2.5.0.v20130507-3faac2b): org.eclipse.persistence.exceptions.DatabaseException
Internal Exception: org.postgresql.util.PSQLException: ERREUR: erreur de syntaxe sur ou près de « ) »
  Position: 217
Error Code: 0
Call: SELECT DISTINCT t1.ID, t1.categorie, t1.contenu, t1.datePub, t1.dateRecup, t1.description, t1.guid, t1.hashContenu, t1.imported, t1.link, t1.MODIFIED, t1.titre FROM flux t0, item_flux t2, item t1 WHERE ((((t0.ID IN ()) AND (t1.dateRecup > ?)) AND (t1.dateRecup < ?)) AND ((t2.item_ID = t1.ID) AND (t0.ID = t2.listFlux_ID)))
	bind => [2 parameters bound]
Query: ReadAllQuery(referenceClass=Item sql="SELECT DISTINCT t1.ID, t1.categorie, t1.contenu, t1.datePub, t1.dateRecup, t1.description, t1.guid, t1.hashContenu, t1.imported, t1.link, t1.MODIFIED, t1.titre FROM flux t0, item_flux t2, item t1 WHERE ((((t0.ID IN ()) AND (t1.dateRecup > ?)) AND (t1.dateRecup < ?)) AND ((t2.item_ID = t1.ID) AND (t0.ID = t2.listFlux_ID)))")
	at org.eclipse.persistence.exceptions.DatabaseException.sqlException(DatabaseException.java:340)
	at org.eclipse.persistence.internal.databaseaccess.DatabaseAccessor.basicExecuteCall(DatabaseAccessor.java:679)
	at org.eclipse.persistence.internal.databaseaccess.DatabaseAccessor.executeCall(DatabaseAccessor.java:558)
	at org.eclipse.persistence.internal.sessions.AbstractSession.basicExecuteCall(AbstractSession.java:1995)
	at org.eclipse.persistence.sessions.server.ServerSession.executeCall(ServerSession.java:570)
	at org.eclipse.persistence.sessions.server.ClientSession.executeCall(ClientSession.java:248)
	at org.eclipse.persistence.internal.queries.DatasourceCallQueryMechanism.executeCall(DatasourceCallQueryMechanism.java:242)
	at org.eclipse.persistence.internal.queries.DatasourceCallQueryMechanism.executeCall(DatasourceCallQueryMechanism.java:228)
	at org.eclipse.persistence.internal.queries.DatasourceCallQueryMechanism.executeSelectCall(DatasourceCallQueryMechanism.java:299)
	at org.eclipse.persistence.internal.queries.DatasourceCallQueryMechanism.selectAllRows(DatasourceCallQueryMechanism.java:694)
	at org.eclipse.persistence.internal.queries.ExpressionQueryMechanism.selectAllRowsFromTable(ExpressionQueryMechanism.java:2714)
	at org.eclipse.persistence.internal.queries.ExpressionQueryMechanism.selectAllRows(ExpressionQueryMechanism.java:2667)
	at org.eclipse.persistence.queries.ReadAllQuery.executeObjectLevelReadQuery(ReadAllQuery.java:477)
	at org.eclipse.persistence.queries.ObjectLevelReadQuery.executeDatabaseQuery(ObjectLevelReadQuery.java:1155)
	at org.eclipse.persistence.queries.DatabaseQuery.execute(DatabaseQuery.java:899)
	at org.eclipse.persistence.queries.ObjectLevelReadQuery.execute(ObjectLevelReadQuery.java:1114)
	at org.eclipse.persistence.queries.ReadAllQuery.execute(ReadAllQuery.java:402)
	at org.eclipse.persistence.queries.ObjectLevelReadQuery.executeInUnitOfWork(ObjectLevelReadQuery.java:1202)
	at org.eclipse.persistence.internal.sessions.UnitOfWorkImpl.internalExecuteQuery(UnitOfWorkImpl.java:2894)
	at org.eclipse.persistence.internal.sessions.AbstractSession.executeQuery(AbstractSession.java:1797)
	at org.eclipse.persistence.internal.sessions.AbstractSession.executeQuery(AbstractSession.java:1779)
	at org.eclipse.persistence.internal.sessions.AbstractSession.executeQuery(AbstractSession.java:1744)
	at org.eclipse.persistence.internal.jpa.QueryImpl.executeReadQuery(QueryImpl.java:258)
	... 25 more
Caused by: org.postgresql.util.PSQLException: ERREUR: erreur de syntaxe sur ou près de « ) »
  Position: 217
	at org.postgresql.core.v3.QueryExecutorImpl.receiveErrorResponse(QueryExecutorImpl.java:2198)
	at org.postgresql.core.v3.QueryExecutorImpl.processResults(QueryExecutorImpl.java:1927)
	at org.postgresql.core.v3.QueryExecutorImpl.execute(QueryExecutorImpl.java:255)
	at org.postgresql.jdbc2.AbstractJdbc2Statement.execute(AbstractJdbc2Statement.java:562)
	at org.postgresql.jdbc2.AbstractJdbc2Statement.executeWithFlags(AbstractJdbc2Statement.java:420)
	at org.postgresql.jdbc2.AbstractJdbc2Statement.executeQuery(AbstractJdbc2Statement.java:305)
	at org.eclipse.persistence.internal.databaseaccess.DatabaseAccessor.executeSelect(DatabaseAccessor.java:1002)
	at org.eclipse.persistence.internal.databaseaccess.DatabaseAccessor.basicExecuteCall(DatabaseAccessor.java:641)
	... 46 more

