sept. 01, 2015 12:13:24 PM org.apache.catalina.core.ApplicationContext log
INFOS: SessionListener: contextDestroyed()
sept. 01, 2015 12:13:24 PM org.apache.catalina.core.ApplicationContext log
INFOS: ContextListener: contextDestroyed()
Sep 01, 2015 12:13:36 PM org.apache.catalina.core.ApplicationContext log
INFO: ContextListener: contextInitialized()
Sep 01, 2015 12:13:36 PM org.apache.catalina.core.ApplicationContext log
INFO: SessionListener: contextInitialized()
Sep 01, 2015 12:13:36 PM org.apache.catalina.core.ApplicationContext log
INFO: ContextListener: attributeAdded('org.apache.jasper.compiler.TldLocationsCache', 'org.apache.jasper.compiler.TldLocationsCache@19c4e5f5')
Sep 01, 2015 12:14:14 PM org.apache.catalina.core.ApplicationContext log
INFO: SessionListener: contextDestroyed()
Sep 01, 2015 12:14:14 PM org.apache.catalina.core.ApplicationContext log
INFO: ContextListener: contextDestroyed()
Sep 01, 2015 12:14:52 PM org.apache.catalina.core.ApplicationContext log
INFO: ContextListener: contextInitialized()
Sep 01, 2015 12:14:52 PM org.apache.catalina.core.ApplicationContext log
INFO: SessionListener: contextInitialized()
Sep 01, 2015 12:14:52 PM org.apache.catalina.core.ApplicationContext log
INFO: ContextListener: attributeAdded('org.apache.jasper.compiler.TldLocationsCache', 'org.apache.jasper.compiler.TldLocationsCache@733f5ca2')
