May 12, 2015 12:40:19 PM org.apache.catalina.core.StandardWrapperValve invoke
SEVERE: Servlet.service() for servlet [Item] in context with path [/RSSAgregate] threw exception
java.lang.IllegalArgumentException: The attribute [flux] is not present in the managed type [EntityTypeImpl@1847299488:Item [ javaType: class rssagregator.beans.Item descriptor: RelationalDescriptor(rssagregator.beans.Item --> [DatabaseTable(item)]), mappings: 14]].
	at org.eclipse.persistence.internal.jpa.metamodel.ManagedTypeImpl.getAttribute(ManagedTypeImpl.java:148)
	at org.eclipse.persistence.internal.jpa.querydef.FromImpl.get(FromImpl.java:309)
	at rssagregator.dao.AbstrDao.gestionCriteria(AbstrDao.java:190)
	at rssagregator.dao.AbstrDao.findCriteria(AbstrDao.java:247)
	at rssagregator.utils.ServletTool.actionLIST(ServletTool.java:334)
	at rssagregator.servlet.ItemSrvl.processRequest(ItemSrvl.java:297)
	at rssagregator.servlet.ItemSrvl.doGet(ItemSrvl.java:487)
	at javax.servlet.http.HttpServlet.service(HttpServlet.java:621)
	at javax.servlet.http.HttpServlet.service(HttpServlet.java:728)
	at org.apache.catalina.core.ApplicationFilterChain.internalDoFilter(ApplicationFilterChain.java:305)
	at org.apache.catalina.core.ApplicationFilterChain.doFilter(ApplicationFilterChain.java:210)
	at rssagregator.servlet.FilterIdent.doFilter(FilterIdent.java:65)
	at org.apache.catalina.core.ApplicationFilterChain.internalDoFilter(ApplicationFilterChain.java:243)
	at org.apache.catalina.core.ApplicationFilterChain.doFilter(ApplicationFilterChain.java:210)
	at org.apache.catalina.core.StandardWrapperValve.invoke(StandardWrapperValve.java:222)
	at org.apache.catalina.core.StandardContextValve.invoke(StandardContextValve.java:123)
	at org.apache.catalina.authenticator.AuthenticatorBase.invoke(AuthenticatorBase.java:502)
	at org.apache.catalina.core.StandardHostValve.invoke(StandardHostValve.java:171)
	at org.apache.catalina.valves.ErrorReportValve.invoke(ErrorReportValve.java:99)
	at org.apache.catalina.valves.AccessLogValve.invoke(AccessLogValve.java:953)
	at org.apache.catalina.core.StandardEngineValve.invoke(StandardEngineValve.java:118)
	at org.apache.catalina.connector.CoyoteAdapter.service(CoyoteAdapter.java:408)
	at org.apache.coyote.ajp.AjpProcessor.process(AjpProcessor.java:200)
	at org.apache.coyote.AbstractProtocol$AbstractConnectionHandler.process(AbstractProtocol.java:589)
	at org.apache.tomcat.util.net.JIoEndpoint$SocketProcessor.run(JIoEndpoint.java:310)
	at java.util.concurrent.ThreadPoolExecutor.runWorker(ThreadPoolExecutor.java:1145)
	at java.util.concurrent.ThreadPoolExecutor$Worker.run(ThreadPoolExecutor.java:615)
	at java.lang.Thread.run(Thread.java:745)

May 12, 2015 12:42:07 PM org.apache.catalina.core.StandardWrapperValve invoke
SEVERE: Servlet.service() for servlet [Item] in context with path [/RSSAgregate] threw exception
java.lang.IllegalArgumentException: The attribute [flux] is not present in the managed type [EntityTypeImpl@1847299488:Item [ javaType: class rssagregator.beans.Item descriptor: RelationalDescriptor(rssagregator.beans.Item --> [DatabaseTable(item)]), mappings: 14]].
	at org.eclipse.persistence.internal.jpa.metamodel.ManagedTypeImpl.getAttribute(ManagedTypeImpl.java:148)
	at org.eclipse.persistence.internal.jpa.querydef.FromImpl.get(FromImpl.java:309)
	at rssagregator.dao.AbstrDao.gestionCriteria(AbstrDao.java:190)
	at rssagregator.dao.AbstrDao.findCriteria(AbstrDao.java:247)
	at rssagregator.utils.ServletTool.actionLIST(ServletTool.java:334)
	at rssagregator.servlet.ItemSrvl.processRequest(ItemSrvl.java:297)
	at rssagregator.servlet.ItemSrvl.doGet(ItemSrvl.java:487)
	at javax.servlet.http.HttpServlet.service(HttpServlet.java:621)
	at javax.servlet.http.HttpServlet.service(HttpServlet.java:728)
	at org.apache.catalina.core.ApplicationFilterChain.internalDoFilter(ApplicationFilterChain.java:305)
	at org.apache.catalina.core.ApplicationFilterChain.doFilter(ApplicationFilterChain.java:210)
	at rssagregator.servlet.FilterIdent.doFilter(FilterIdent.java:65)
	at org.apache.catalina.core.ApplicationFilterChain.internalDoFilter(ApplicationFilterChain.java:243)
	at org.apache.catalina.core.ApplicationFilterChain.doFilter(ApplicationFilterChain.java:210)
	at org.apache.catalina.core.StandardWrapperValve.invoke(StandardWrapperValve.java:222)
	at org.apache.catalina.core.StandardContextValve.invoke(StandardContextValve.java:123)
	at org.apache.catalina.authenticator.AuthenticatorBase.invoke(AuthenticatorBase.java:502)
	at org.apache.catalina.core.StandardHostValve.invoke(StandardHostValve.java:171)
	at org.apache.catalina.valves.ErrorReportValve.invoke(ErrorReportValve.java:99)
	at org.apache.catalina.valves.AccessLogValve.invoke(AccessLogValve.java:953)
	at org.apache.catalina.core.StandardEngineValve.invoke(StandardEngineValve.java:118)
	at org.apache.catalina.connector.CoyoteAdapter.service(CoyoteAdapter.java:408)
	at org.apache.coyote.ajp.AjpProcessor.process(AjpProcessor.java:200)
	at org.apache.coyote.AbstractProtocol$AbstractConnectionHandler.process(AbstractProtocol.java:589)
	at org.apache.tomcat.util.net.JIoEndpoint$SocketProcessor.run(JIoEndpoint.java:310)
	at java.util.concurrent.ThreadPoolExecutor.runWorker(ThreadPoolExecutor.java:1145)
	at java.util.concurrent.ThreadPoolExecutor$Worker.run(ThreadPoolExecutor.java:615)
	at java.lang.Thread.run(Thread.java:745)

