May 24, 2015 5:05:18 PM org.apache.catalina.core.ApplicationContext log
INFO: SessionListener: contextDestroyed()
May 24, 2015 5:05:18 PM org.apache.catalina.core.ApplicationContext log
INFO: ContextListener: contextDestroyed()
May 24, 2015 5:06:06 PM org.apache.catalina.core.ApplicationContext log
INFO: ContextListener: contextInitialized()
May 24, 2015 5:06:06 PM org.apache.catalina.core.ApplicationContext log
INFO: SessionListener: contextInitialized()
May 24, 2015 5:06:06 PM org.apache.catalina.core.ApplicationContext log
INFO: ContextListener: attributeAdded('org.apache.jasper.compiler.TldLocationsCache', 'org.apache.jasper.compiler.TldLocationsCache@4f0aa4f3')
May 24, 2015 7:46:15 PM org.apache.catalina.core.ApplicationContext log
INFO: SessionListener: contextDestroyed()
May 24, 2015 7:46:15 PM org.apache.catalina.core.ApplicationContext log
INFO: ContextListener: contextDestroyed()
May 24, 2015 8:17:17 PM org.apache.catalina.core.ApplicationContext log
INFO: ContextListener: contextInitialized()
May 24, 2015 8:17:17 PM org.apache.catalina.core.ApplicationContext log
INFO: SessionListener: contextInitialized()
May 24, 2015 8:17:17 PM org.apache.catalina.core.ApplicationContext log
INFO: ContextListener: attributeAdded('org.apache.jasper.compiler.TldLocationsCache', 'org.apache.jasper.compiler.TldLocationsCache@3901f9e7')
